#
# A fatal error has been detected by the Java Runtime Environment:
#
#  SIGSEGV (0xb) at pc=0x00007f2bc4b2655d, pid=5766, tid=5879
#
# JRE version: OpenJDK Runtime Environment Temurin-17.0.12+7 (17.0.12+7) (build 17.0.12+7)
# Java VM: OpenJDK 64-Bit Server VM Temurin-17.0.12+7 (17.0.12+7, mixed mode, tiered, compressed oops, compressed class ptrs, parallel gc, linux-amd64)
# Problematic frame:
# V  [libjvm.so+0x80155d]  IndexSet::IndexSet(IndexSet*)+0xad
#
# Core dump will be written. Default location: Core dumps may be processed with "/lib/systemd/systemd-coredump %P %u %g %s %t 9223372036854775808 %h" (or dumping to /home/kyw3010/Documentos/GitHub/Java/Fundamentos/core.5766)
#
# If you would like to submit a bug report, please visit:
#   https://github.com/adoptium/adoptium-support/issues
#

---------------  S U M M A R Y ------------

Command Line: --add-modules=ALL-SYSTEM --add-opens=java.base/java.util=ALL-UNNAMED --add-opens=java.base/java.lang=ALL-UNNAMED --add-opens=java.base/sun.nio.fs=ALL-UNNAMED -Declipse.application=org.eclipse.jdt.ls.core.id1 -Dosgi.bundles.defaultStartLevel=4 -Declipse.product=org.eclipse.jdt.ls.core.product -Djava.import.generatesMetadataFilesAtProjectRoot=false -DDetectVMInstallationsJob.disabled=true -Dfile.encoding=utf8 -XX:+UseParallelGC -XX:GCTimeRatio=4 -XX:AdaptiveSizePolicyWeight=90 -Dsun.zip.disableMemoryMapping=true -Xmx1G -Xms100m -Xlog:disable -javaagent:/home/kyw3010/.vscode/extensions/redhat.java-1.34.0-linux-x64/lombok/lombok-1.18.33.jar -XX:+HeapDumpOnOutOfMemoryError -XX:HeapDumpPath=/home/kyw3010/.config/Code/User/workspaceStorage/f51ebf163c24a4959e1b6a0804772a58/redhat.java -Daether.dependencyCollector.impl=bf /home/kyw3010/.vscode/extensions/redhat.java-1.34.0-linux-x64/server/plugins/org.eclipse.equinox.launcher_1.6.900.v20240613-2009.jar -configuration /home/kyw3010/.config/Code/User/globalStorage/redhat.java/1.34.0/config_linux -data /home/kyw3010/.config/Code/User/workspaceStorage/f51ebf163c24a4959e1b6a0804772a58/redhat.java/jdt_ws --pipe=/run/user/1000/lsp-9a2b38a10b6bdb0fcf188c1457f31ab2.sock

Host: 11th Gen Intel(R) Core(TM) i5-1135G7 @ 2.40GHz, 8 cores, 15G, Linux Mint 21.2 Victoria
Time: Mon Sep  9 16:28:44 2024 -03 elapsed time: 6.373116 seconds (0d 0h 0m 6s)

---------------  T H R E A D  ---------------

Current thread (0x00007f2b7c2fe100):  JavaThread "C2 CompilerThread2" daemon [_thread_in_native, id=5879, stack(0x00007f2b43900000,0x00007f2b43a00000)]


Current CompileTask:
C2:   6373 6616 %     4       org.lombokweb.asm.ClassReader::readCode @ 92 (5117 bytes)

Stack: [0x00007f2b43900000,0x00007f2b43a00000],  sp=0x00007f2b439fb2d0,  free space=1004k
Native frames: (J=compiled Java code, j=interpreted, Vv=VM code, C=native code)
V  [libjvm.so+0x80155d]  IndexSet::IndexSet(IndexSet*)+0xad
V  [libjvm.so+0x7f967b]  PhaseChaitin::build_ifg_physical(ResourceArea*)+0xcb
V  [libjvm.so+0x5427cd]  PhaseChaitin::Register_Allocate()+0x4fd
V  [libjvm.so+0x5d17a9]  Compile::Code_Gen()+0x349
V  [libjvm.so+0x5d7277]  Compile::Compile(ciEnv*, ciMethod*, int, bool, bool, bool, bool, bool, DirectiveSet*)+0x13f7
V  [libjvm.so+0x516279]  C2Compiler::compile_method(ciEnv*, ciMethod*, int, bool, DirectiveSet*)+0xe9
V  [libjvm.so+0x5dfcc3]  CompileBroker::invoke_compiler_on_method(CompileTask*)+0xea3
V  [libjvm.so+0x5e0ba8]  CompileBroker::compiler_thread_loop()+0x6a8
V  [libjvm.so+0xe68306]  JavaThread::thread_main_inner()+0x196
V  [libjvm.so+0xe6bcba]  Thread::call_run()+0xaa
V  [libjvm.so+0xc29c13]  thread_native_entry(Thread*)+0xe3


siginfo: si_signo: 11 (SIGSEGV), si_code: 1 (SEGV_MAPERR), si_addr: 0x0000000000000000

Registers:
RAX=0x00007f2b2800a6a0, RBX=0x00007f2b2800a6c0, RCX=0x00007f2bc5795a27, RDX=0x00007f2b7c2fef80
RSP=0x00007f2b439fb2d0, RBP=0x00007f2b439fb320, RSI=0x00000003c849d000, RDI=0x00007f2bc55e5fa8
R8 =0x00007f2b439fde20, R9 =0x00007f2b2907db20, R10=0x00007f2bc5632ac0, R11=0x0000000000000246
R12=0x0000000000000013, R13=0x0000000000000000, R14=0x00007f2b439fb440, R15=0x0000000000000012
RIP=0x00007f2bc4b2655d, EFLAGS=0x0000000000010202, CSGSFS=0x002b000000000033, ERR=0x0000000000000004
  TRAPNO=0x000000000000000e


Register to memory mapping:

RAX=0x00007f2b2800a6a0 points into unknown readable memory: 0x00007f2b2800a680 | 80 a6 00 28 2b 7f 00 00
RBX=0x00007f2b2800a6c0 points into unknown readable memory: 0x0000000000000000 | 00 00 00 00 00 00 00 00
RCX=0x00007f2bc5795a27: __mmap+0x0000000000000017 in /lib/x86_64-linux-gnu/libc.so.6 at 0x00007f2bc5677000
RDX=0x00007f2b7c2fef80 points into unknown readable memory: 0x0000000000000003 | 03 00 00 00 00 00 00 00
RSP=0x00007f2b439fb2d0 is pointing into the stack for thread: 0x00007f2b7c2fe100
RBP=0x00007f2b439fb320 is pointing into the stack for thread: 0x00007f2b7c2fe100
RSI=0x00000003c849d000 is an unknown value
RDI=0x00007f2bc55e5fa8: <offset 0x00000000012c0fa8> in /home/kyw3010/.vscode/extensions/redhat.java-1.34.0-linux-x64/jre/17.0.12-linux-x86_64/lib/server/libjvm.so at 0x00007f2bc4325000
R8 =0x00007f2b439fde20 is pointing into the stack for thread: 0x00007f2b7c2fe100
R9 =0x00007f2b2907db20 points into unknown readable memory: 0x0000000800000028 | 28 00 00 00 08 00 00 00
R10=0x00007f2bc5632ac0: <offset 0x000000000130dac0> in /home/kyw3010/.vscode/extensions/redhat.java-1.34.0-linux-x64/jre/17.0.12-linux-x86_64/lib/server/libjvm.so at 0x00007f2bc4325000
R11=0x0000000000000246 is an unknown value
R12=0x0000000000000013 is an unknown value
R13=0x0 is NULL
R14=0x00007f2b439fb440 is pointing into the stack for thread: 0x00007f2b7c2fe100
R15=0x0000000000000012 is an unknown value


Top of Stack: (sp=0x00007f2b439fb2d0)
0x00007f2b439fb2d0:   00007f2b28397e08 0000000000000000
0x00007f2b439fb2e0:   00007f2b28bee8c0 00007f2b2907db20
0x00007f2b439fb2f0:   0000000000000000 00007f2b28397cb0
0x00007f2b439fb300:   0000000000000000 0000000000000000
0x00007f2b439fb310:   0000000000000791 00007f2b439fb8f0
0x00007f2b439fb320:   00007f2b439fb510 00007f2bc4b1e67b
0x00007f2b439fb330:   00007f2b439fb390 00007f2b439fb3e0
0x00007f2b439fb340:   00007f2b439fb8f0 0000000000000007
0x00007f2b439fb350:   0000000000000010 00007f2b439fb8f0
0x00007f2b439fb360:   00007f2b439fb3c0 00007f2b439fb3a0
0x00007f2b439fb370:   00007f2b439fb440 00000003000002f0
0x00007f2b439fb380:   0000000000000000 00007f2b439fb8f0
0x00007f2b439fb390:   00007f2b439fb670 000000caffffff80
0x00007f2b439fb3a0:   0000000000000017 0000000d00000019
0x00007f2b439fb3b0:   00007f2b00000000 00007f2b10278cf0
0x00007f2b439fb3c0:   0000000400000000 0000000e00000000
0x00007f2b439fb3d0:   00007f2b00000000 00007f2bc5194387
0x00007f2b439fb3e0:   0000000000000000 0000000000000000
0x00007f2b439fb3f0:   00007f2b439fb440 00007f2bc46f6300
0x00007f2b439fb400:   00007f2b2800d4b0 00007f2bc52ede53
0x00007f2b439fb410:   0000000000000000 0000000000000000
0x00007f2b439fb420:   0000000000000000 00007f2bc52ede53
0x00007f2b439fb430:   00007f2bc5632a00 0000000000000521
0x00007f2b439fb440:   0000000800000028 00007f2733b63020
0x00007f2b439fb450:   00007f2b28009e20 00007f2bc5632ac0
0x00007f2b439fb460:   00007f2b28009e00 00007f2b28009de0
0x00007f2b439fb470:   00007f2bc5632ac0 00007f2b28009dc0
0x00007f2b439fb480:   00007f2b28009da0 00007f2b28009d80
0x00007f2b439fb490:   00007f2bc5632ac0 00007f2bc5632ac0
0x00007f2b439fb4a0:   00007f2bc5632ac0 00007f2bc5632ac0
0x00007f2b439fb4b0:   00007f2bc5632ac0 00007f2bc5632ac0
0x00007f2b439fb4c0:   00007f2b00000040 00007f2b280123d0 

Instructions: (pc=0x00007f2bc4b2655d)
0x00007f2bc4b2645d:   5f c6 b0 00 48 8b 10 48 8b 92 78 05 00 00 48 8b
0x00007f2bc4b2646d:   92 80 00 00 00 48 8b 92 d0 08 00 00 49 89 55 00
0x00007f2bc4b2647d:   48 8b 00 48 8b 80 78 05 00 00 48 8b 80 80 00 00
0x00007f2bc4b2648d:   00 4c 89 a8 d0 08 00 00 49 8b 44 24 08 48 89 0c
0x00007f2bc4b2649d:   d8 48 83 c4 08 5b 41 5c 41 5d 5d c3 90 66 0f 1f
0x00007f2bc4b264ad:   44 00 00 55 49 89 f1 48 89 e5 41 57 41 56 49 89
0x00007f2bc4b264bd:   fe 41 55 41 54 53 48 83 ec 28 48 8b 06 8b 9e 90
0x00007f2bc4b264cd:   00 00 00 48 89 07 89 9f 90 00 00 00 83 fb 10 0f
0x00007f2bc4b264dd:   87 95 01 00 00 48 8d 47 10 48 89 47 08 45 31 e4
0x00007f2bc4b264ed:   4c 8d 15 cc c5 b0 00 85 db 0f 85 85 00 00 00 e9
0x00007f2bc4b264fd:   a9 00 00 00 0f 1f 80 00 00 00 00 4c 89 4d c8 66
0x00007f2bc4b2650d:   48 8d 3d 94 fa ab 00 66 66 48 e8 e4 1f a5 ff 4c
0x00007f2bc4b2651d:   8b 4d c8 4c 8d 15 99 c5 b0 00 48 8b 00 48 8b 80
0x00007f2bc4b2652d:   78 05 00 00 4c 8b 80 80 00 00 00 49 8b 98 d0 08
0x00007f2bc4b2653d:   00 00 48 85 db 74 7c 48 8b 03 66 0f ef c0 41 83
0x00007f2bc4b2654d:   c4 01 49 89 80 d0 08 00 00 0f 11 03 0f 11 43 10
0x00007f2bc4b2655d:   f3 41 0f 6f 4d 00 0f 11 0b f3 41 0f 6f 55 10 0f
0x00007f2bc4b2656d:   11 53 10 49 8b 46 08 4a 89 1c f8 45 39 a6 90 00
0x00007f2bc4b2657d:   00 00 76 29 49 8b 41 08 45 89 e7 4e 8b 2c f8 4d
0x00007f2bc4b2658d:   39 d5 0f 85 73 ff ff ff 49 8b 46 08 41 83 c4 01
0x00007f2bc4b2659d:   4e 89 14 f8 45 39 a6 90 00 00 00 77 d7 48 83 c4
0x00007f2bc4b265ad:   28 5b 41 5c 41 5d 41 5e 41 5f 5d c3 0f 1f 80 00
0x00007f2bc4b265bd:   00 00 00 49 8b b8 c8 08 00 00 48 8b 47 18 48 3d
0x00007f2bc4b265cd:   9f f9 ff ff 76 34 48 8d 15 1b c5 78 00 be 60 06
0x00007f2bc4b265dd:   00 00 4c 89 4d b8 4c 89 45 c0 48 89 7d c8 e8 30
0x00007f2bc4b265ed:   07 bd ff 48 8b 7d c8 4c 8b 4d b8 4c 8d 15 c1 c4
0x00007f2bc4b265fd:   b0 00 4c 8b 45 c0 48 8b 47 18 48 8d 90 60 06 00
0x00007f2bc4b2660d:   00 48 3b 57 20 77 3e 48 89 57 18 48 8d 70 20 48
0x00007f2bc4b2661d:   83 e6 e0 48 8d 96 40 06 00 00 48 89 f0 66 0f 1f
0x00007f2bc4b2662d:   44 00 00 48 89 18 48 89 c3 48 8d 40 20 48 39 c2
0x00007f2bc4b2663d:   75 f1 48 8d 9e 20 06 00 00 49 89 98 d0 08 00 00
0x00007f2bc4b2664d:   e9 f2 fe ff ff 31 d2 be 60 06 00 00 4c 89 4d c0 


Stack slot to memory mapping:
stack at sp + 0 slots: 0x00007f2b28397e08 points into unknown readable memory: 0x00007f2bc552f670 | 70 f6 52 c5 2b 7f 00 00
stack at sp + 1 slots: 0x0 is NULL
stack at sp + 2 slots: 0x00007f2b28bee8c0 points into unknown readable memory: 0x408a61af59c66d17 | 17 6d c6 59 af 61 8a 40
stack at sp + 3 slots: 0x00007f2b2907db20 points into unknown readable memory: 0x0000000800000028 | 28 00 00 00 08 00 00 00
stack at sp + 4 slots: 0x0 is NULL
stack at sp + 5 slots: 0x00007f2b28397cb0 points into unknown readable memory: 0x00007f2bc552f670 | 70 f6 52 c5 2b 7f 00 00
stack at sp + 6 slots: 0x0 is NULL
stack at sp + 7 slots: 0x0 is NULL


---------------  P R O C E S S  ---------------

Threads class SMR info:
_java_thread_list=0x00007f2b24044e20, length=29, elements={
0x00007f2bc0029450, 0x00007f2bc01e92e0, 0x00007f2bc01ea860, 0x00007f2bc0211d80,
0x00007f2bc0215670, 0x00007f2bc0216610, 0x00007f2bc0217c70, 0x00007f2bc0219130,
0x00007f2bc0222570, 0x00007f2bc0297f90, 0x00007f2b7c090b00, 0x00007f2bc03892e0,
0x00007f2bc05a2370, 0x00007f2bc05f62b0, 0x00007f2bc05f8fd0, 0x00007f2b482d8080,
0x00007f2b482d4db0, 0x00007f2b484efbc0, 0x00007f2b4824ad40, 0x00007f2b4816b9f0,
0x00007f2b48176a60, 0x00007f2b7c2fe100, 0x00007f2b489a2d30, 0x00007f2bc06f8180,
0x00007f2b30009e30, 0x00007f2bc0779e10, 0x00007f2bc077adb0, 0x00007f2b14001130,
0x00007f2b24045150
}

Java Threads: ( => current thread )
  0x00007f2bc0029450 JavaThread "main" [_thread_blocked, id=5767, stack(0x00007f2bc4139000,0x00007f2bc4239000)]
  0x00007f2bc01e92e0 JavaThread "Reference Handler" daemon [_thread_blocked, id=5771, stack(0x00007f2ba1dff000,0x00007f2ba1eff000)]
  0x00007f2bc01ea860 JavaThread "Finalizer" daemon [_thread_blocked, id=5772, stack(0x00007f2ba1cff000,0x00007f2ba1dff000)]
  0x00007f2bc0211d80 JavaThread "Signal Dispatcher" daemon [_thread_blocked, id=5773, stack(0x00007f2ba168a000,0x00007f2ba178a000)]
  0x00007f2bc0215670 JavaThread "Service Thread" daemon [_thread_blocked, id=5774, stack(0x00007f2ba158a000,0x00007f2ba168a000)]
  0x00007f2bc0216610 JavaThread "Monitor Deflation Thread" daemon [_thread_blocked, id=5775, stack(0x00007f2ba148a000,0x00007f2ba158a000)]
  0x00007f2bc0217c70 JavaThread "C2 CompilerThread0" daemon [_thread_in_native, id=5776, stack(0x00007f2ba138a000,0x00007f2ba148a000)]
  0x00007f2bc0219130 JavaThread "C1 CompilerThread0" daemon [_thread_blocked, id=5777, stack(0x00007f2ba128a000,0x00007f2ba138a000)]
  0x00007f2bc0222570 JavaThread "Sweeper thread" daemon [_thread_blocked, id=5778, stack(0x00007f2ba118a000,0x00007f2ba128a000)]
  0x00007f2bc0297f90 JavaThread "Common-Cleaner" daemon [_thread_blocked, id=5779, stack(0x00007f2ba108a000,0x00007f2ba118a000)]
  0x00007f2b7c090b00 JavaThread "C2 CompilerThread1" daemon [_thread_in_native, id=5780, stack(0x00007f2ba0f8a000,0x00007f2ba108a000)]
  0x00007f2bc03892e0 JavaThread "Notification Thread" daemon [_thread_blocked, id=5785, stack(0x00007f2ba0e4b000,0x00007f2ba0f4b000)]
  0x00007f2bc05a2370 JavaThread "Active Thread: Equinox Container: 5c733f2e-6b35-4509-9524-30d527429abf" [_thread_blocked, id=5812, stack(0x00007f2ba0520000,0x00007f2ba0620000)]
  0x00007f2bc05f62b0 JavaThread "Framework Event Dispatcher: Equinox Container: 5c733f2e-6b35-4509-9524-30d527429abf" daemon [_thread_blocked, id=5818, stack(0x00007f2ba0420000,0x00007f2ba0520000)]
  0x00007f2bc05f8fd0 JavaThread "Start Level: Equinox Container: 5c733f2e-6b35-4509-9524-30d527429abf" daemon [_thread_blocked, id=5819, stack(0x00007f2ba0320000,0x00007f2ba0420000)]
  0x00007f2b482d8080 JavaThread "Bundle File Closer" daemon [_thread_blocked, id=5847, stack(0x00007f2ba011f000,0x00007f2ba021f000)]
  0x00007f2b482d4db0 JavaThread "SCR Component Actor" daemon [_thread_blocked, id=5859, stack(0x00007f2ba001f000,0x00007f2ba011f000)]
  0x00007f2b484efbc0 JavaThread "SCR Component Registry" daemon [_thread_blocked, id=5864, stack(0x00007f2ba0c4a000,0x00007f2ba0d4a000)]
  0x00007f2b4824ad40 JavaThread "Worker-JM" [_thread_blocked, id=5869, stack(0x00007f2b43f00000,0x00007f2b44000000)]
  0x00007f2b4816b9f0 JavaThread "Worker-0" [_thread_blocked, id=5871, stack(0x00007f2b43b00000,0x00007f2b43c00000)]
  0x00007f2b48176a60 JavaThread "Worker-1: Java indexing... " [_thread_blocked, id=5873, stack(0x00007f2b43a00000,0x00007f2b43b00000)]
=>0x00007f2b7c2fe100 JavaThread "C2 CompilerThread2" daemon [_thread_in_native, id=5879, stack(0x00007f2b43900000,0x00007f2b43a00000)]
  0x00007f2b489a2d30 JavaThread "Java indexing" daemon [_thread_blocked, id=5880, stack(0x00007f2b43800000,0x00007f2b43900000)]
  0x00007f2bc06f8180 JavaThread "pool-2-thread-1" [_thread_blocked, id=5882, stack(0x00007f2b43700000,0x00007f2b43800000)]
  0x00007f2b30009e30 JavaThread "Worker-2: Loading available Gradle versions" [_thread_in_native, id=5883, stack(0x00007f2b43600000,0x00007f2b43700000)]
  0x00007f2bc0779e10 JavaThread "WorkspaceEventsHandler" [_thread_blocked, id=5884, stack(0x00007f2b43500000,0x00007f2b43600000)]
  0x00007f2bc077adb0 JavaThread "pool-1-thread-1" [_thread_blocked, id=5885, stack(0x00007f2b43400000,0x00007f2b43500000)]
  0x00007f2b14001130 JavaThread "Worker-3: Initialize Workspace" [_thread_in_Java, id=5890, stack(0x00007f2b43300000,0x00007f2b43400000)]
  0x00007f2b24045150 JavaThread "Worker-4" [_thread_blocked, id=5911, stack(0x00007f2b43200000,0x00007f2b43300000)]

Other Threads:
  0x00007f2bc006ac30 VMThread "VM Thread" [stack: 0x00007f2ba1f00000,0x00007f2ba2000000] [id=5770] _threads_hazard_ptr=0x00007f2b24044e20
  0x00007f2bc032e5f0 WatcherThread [stack: 0x00007f2ba0d4b000,0x00007f2ba0e4b000] [id=5786]
  0x00007f2bc0041090 GCTaskThread "GC Thread#0" [stack: 0x00007f2badefb000,0x00007f2badffb000] [id=5768]
  0x00007f2b9c001230 GCTaskThread "GC Thread#1" [stack: 0x00007f2ba0b26000,0x00007f2ba0c26000] [id=5796]
  0x00007f2b9c003130 GCTaskThread "GC Thread#2" [stack: 0x00007f2ba0a25000,0x00007f2ba0b25000] [id=5797]
  0x00007f2b9c003af0 GCTaskThread "GC Thread#3" [stack: 0x00007f2ba0924000,0x00007f2ba0a24000] [id=5798]
  0x00007f2b9c0044b0 GCTaskThread "GC Thread#4" [stack: 0x00007f2ba0823000,0x00007f2ba0923000] [id=5799]
  0x00007f2b9c004e70 GCTaskThread "GC Thread#5" [stack: 0x00007f2ba0722000,0x00007f2ba0822000] [id=5800]
  0x00007f2b9c005830 GCTaskThread "GC Thread#6" [stack: 0x00007f2ba0621000,0x00007f2ba0721000] [id=5801]
  0x00007f2b9c006cd0 GCTaskThread "GC Thread#7" [stack: 0x00007f2ba0220000,0x00007f2ba0320000] [id=5835]

Threads with active compile tasks:
C2 CompilerThread0     6378 6589       4       org.lombokweb.asm.ClassReader::readMethod (1066 bytes)
C2 CompilerThread1     6378 6576 %     4       org.lombokweb.asm.SymbolTable::<init> @ 98 (536 bytes)
C2 CompilerThread2     6378 6616 %     4       org.lombokweb.asm.ClassReader::readCode @ 92 (5117 bytes)

VM state: synchronizing (normal execution)

VM Mutex/Monitor currently owned by a thread:  ([mutex/lock_event])
[0x00007f2bc0026160] Threads_lock - owner thread: 0x00007f2bc006ac30
[0x00007f2bc0026910] Heap_lock - owner thread: 0x00007f2b489a2d30

Heap address: 0x00000000c0000000, size: 1024 MB, Compressed Oops mode: 32-bit

CDS archive(s) not mapped
Compressed class space mapped at: 0x0000000100000000-0x0000000140000000, reserved size: 1073741824
Narrow klass base: 0x0000000000000000, Narrow klass shift: 3, Narrow klass range: 0x140000000

GC Precious Log:
 CPUs: 8 total, 8 available
 Memory: 15712M
 Large Page Support: Disabled
 NUMA Support: Disabled
 Compressed Oops: Enabled (32-bit)
 Alignments: Space 512K, Generation 512K, Heap 2M
 Heap Min Capacity: 100M
 Heap Initial Capacity: 100M
 Heap Max Capacity: 1G
 Pre-touch: Disabled
 Parallel Workers: 8

Heap:
 PSYoungGen      total 24576K, used 22144K [0x00000000eab00000, 0x00000000ec680000, 0x0000000100000000)
  eden space 22016K, 100% used [0x00000000eab00000,0x00000000ec080000,0x00000000ec080000)
  from space 2560K, 5% used [0x00000000ec280000,0x00000000ec2a0000,0x00000000ec500000)
  to   space 1024K, 0% used [0x00000000ec580000,0x00000000ec580000,0x00000000ec680000)
 ParOldGen       total 68608K, used 39649K [0x00000000c0000000, 0x00000000c4300000, 0x00000000eab00000)
  object space 68608K, 57% used [0x00000000c0000000,0x00000000c26b8468,0x00000000c4300000)
 Metaspace       used 62072K, committed 63168K, reserved 1114112K
  class space    used 6789K, committed 7296K, reserved 1048576K

Card table byte_map: [0x00007f2badffb000,0x00007f2bae1fc000] _byte_map_base: 0x00007f2bad9fb000

Marking Bits: (ParMarkBitMap*) 0x00007f2bc564d460
 Begin Bits: [0x00007f2ba6000000, 0x00007f2ba7000000)
 End Bits:   [0x00007f2ba7000000, 0x00007f2ba8000000)

Polling page: 0x00007f2bc58ba000

Metaspace:

Usage:
  Non-class:     53,99 MB used.
      Class:      6,63 MB used.
       Both:     60,62 MB used.

Virtual space:
  Non-class space:       64,00 MB reserved,      54,56 MB ( 85%) committed,  1 nodes.
      Class space:        1,00 GB reserved,       7,12 MB ( <1%) committed,  1 nodes.
             Both:        1,06 GB reserved,      61,69 MB (  6%) committed. 

Chunk freelists:
   Non-Class:  9,33 MB
       Class:  8,88 MB
        Both:  18,21 MB

MaxMetaspaceSize: unlimited
CompressedClassSpaceSize: 1,00 GB
Initial GC threshold: 21,00 MB
Current GC threshold: 97,31 MB
CDS: off
MetaspaceReclaimPolicy: balanced
 - commit_granule_bytes: 65536.
 - commit_granule_words: 8192.
 - virtual_space_node_default_size: 8388608.
 - enlarge_chunks_in_place: 1.
 - new_chunks_are_fully_committed: 0.
 - uncommit_free_chunks: 1.
 - use_allocation_guard: 0.
 - handle_deallocations: 1.


Internal statistics:

num_allocs_failed_limit: 9.
num_arena_births: 562.
num_arena_deaths: 14.
num_vsnodes_births: 2.
num_vsnodes_deaths: 0.
num_space_committed: 987.
num_space_uncommitted: 0.
num_chunks_returned_to_freelist: 23.
num_chunks_taken_from_freelist: 2717.
num_chunk_merges: 14.
num_chunk_splits: 1776.
num_chunks_enlarged: 1164.
num_inconsistent_stats: 0.

CodeHeap 'non-profiled nmethods': size=120028Kb used=3552Kb max_used=3552Kb free=116475Kb
 bounds [0x00007f2bb5e9b000, 0x00007f2bb621b000, 0x00007f2bbd3d2000]
CodeHeap 'profiled nmethods': size=120028Kb used=11532Kb max_used=11532Kb free=108495Kb
 bounds [0x00007f2bae3d2000, 0x00007f2baef22000, 0x00007f2bb5909000]
CodeHeap 'non-nmethods': size=5704Kb used=1360Kb max_used=1405Kb free=4344Kb
 bounds [0x00007f2bb5909000, 0x00007f2bb5b79000, 0x00007f2bb5e9b000]
 total_blobs=6561 nmethods=5865 adapters=609
 compilation: enabled
              stopped_count=0, restarted_count=0
 full_count=0

Compilation events (20 events):
Event: 6,320 Thread 0x00007f2bc0219130 6706       1       org.eclipse.jdt.internal.compiler.classfmt.ModuleInfo::requires (5 bytes)
Event: 6,320 Thread 0x00007f2bc0219130 nmethod 6706 0x00007f2bb6211c90 code [0x00007f2bb6211e20, 0x00007f2bb6211ef0]
Event: 6,320 Thread 0x00007f2bc0219130 6702       1       org.eclipse.jdt.internal.core.OpenableElementInfo::getModule (5 bytes)
Event: 6,320 Thread 0x00007f2bc0219130 nmethod 6702 0x00007f2bb6211f90 code [0x00007f2bb6212120, 0x00007f2bb62121f0]
Event: 6,320 Thread 0x00007f2bc0219130 6703       1       org.eclipse.jdt.internal.core.JrtPackageFragmentRoot::isComplianceJava9OrHigher (2 bytes)
Event: 6,320 Thread 0x00007f2bc0219130 nmethod 6703 0x00007f2bb6212290 code [0x00007f2bb6212420, 0x00007f2bb62124f0]
Event: 6,320 Thread 0x00007f2bc0219130 6704       1       org.eclipse.jdt.internal.core.AbstractModule::getElementType (3 bytes)
Event: 6,320 Thread 0x00007f2bc0219130 nmethod 6704 0x00007f2bb6212590 code [0x00007f2bb6212720, 0x00007f2bb62127f0]
Event: 6,320 Thread 0x00007f2bc0219130 6705       1       org.eclipse.jdt.internal.compiler.classfmt.ModuleInfo::exports (5 bytes)
Event: 6,320 Thread 0x00007f2bc0219130 nmethod 6705 0x00007f2bb6212890 code [0x00007f2bb6212a20, 0x00007f2bb6212af0]
Event: 6,324 Thread 0x00007f2bc0219130 6709       1       org.eclipse.jdt.internal.core.ClasspathEntry::getPath (5 bytes)
Event: 6,325 Thread 0x00007f2bc0219130 nmethod 6709 0x00007f2bb6212b90 code [0x00007f2bb6212d20, 0x00007f2bb6212df0]
Event: 6,325 Thread 0x00007f2bc0219130 6710       2       sun.security.provider.SHA::implCompress0 (506 bytes)
Event: 6,325 Thread 0x00007f2bc0219130 nmethod 6710 0x00007f2baeef7e90 code [0x00007f2baeef80a0, 0x00007f2baeef88e0]
Event: 6,326 Thread 0x00007f2bc0219130 6711       2       java.nio.MappedByteBuffer::rewind (5 bytes)
Event: 6,327 Thread 0x00007f2bc0219130 nmethod 6711 0x00007f2baeef8e10 code [0x00007f2baeef8fa0, 0x00007f2baeef90b0]
Event: 6,340 Thread 0x00007f2bc0219130 6712       2       java.lang.StringBuilder::append (10 bytes)
Event: 6,341 Thread 0x00007f2bc0219130 nmethod 6712 0x00007f2baeef9190 code [0x00007f2baeef9340, 0x00007f2baeef9460]
Event: 6,342 Thread 0x00007f2bc0219130 6713       2       org.eclipse.jdt.internal.core.index.DiskIndex::readStreamInt (117 bytes)
Event: 6,343 Thread 0x00007f2bc0219130 nmethod 6713 0x00007f2baeef9510 code [0x00007f2baeef96c0, 0x00007f2baeef98c0]

GC Heap History (20 events):
Event: 5,629 GC heap before
{Heap before GC invocations=23 (full 2):
 PSYoungGen      total 24064K, used 23968K [0x00000000eab00000, 0x00000000ec480000, 0x0000000100000000)
  eden space 22016K, 100% used [0x00000000eab00000,0x00000000ec080000,0x00000000ec080000)
  from space 2048K, 95% used [0x00000000ec280000,0x00000000ec468010,0x00000000ec480000)
  to   space 2048K, 0% used [0x00000000ec080000,0x00000000ec080000,0x00000000ec280000)
 ParOldGen       total 68608K, used 25472K [0x00000000c0000000, 0x00000000c4300000, 0x00000000eab00000)
  object space 68608K, 37% used [0x00000000c0000000,0x00000000c18e0140,0x00000000c4300000)
 Metaspace       used 55931K, committed 56960K, reserved 1114112K
  class space    used 6124K, committed 6592K, reserved 1048576K
}
Event: 5,632 GC heap after
{Heap after GC invocations=23 (full 2):
 PSYoungGen      total 24064K, used 1906K [0x00000000eab00000, 0x00000000ec480000, 0x0000000100000000)
  eden space 22016K, 0% used [0x00000000eab00000,0x00000000eab00000,0x00000000ec080000)
  from space 2048K, 93% used [0x00000000ec080000,0x00000000ec25cb18,0x00000000ec280000)
  to   space 2048K, 0% used [0x00000000ec280000,0x00000000ec280000,0x00000000ec480000)
 ParOldGen       total 68608K, used 27272K [0x00000000c0000000, 0x00000000c4300000, 0x00000000eab00000)
  object space 68608K, 39% used [0x00000000c0000000,0x00000000c1aa2150,0x00000000c4300000)
 Metaspace       used 55931K, committed 56960K, reserved 1114112K
  class space    used 6124K, committed 6592K, reserved 1048576K
}
Event: 5,664 GC heap before
{Heap before GC invocations=24 (full 2):
 PSYoungGen      total 24064K, used 23922K [0x00000000eab00000, 0x00000000ec480000, 0x0000000100000000)
  eden space 22016K, 100% used [0x00000000eab00000,0x00000000ec080000,0x00000000ec080000)
  from space 2048K, 93% used [0x00000000ec080000,0x00000000ec25cb18,0x00000000ec280000)
  to   space 2048K, 0% used [0x00000000ec280000,0x00000000ec280000,0x00000000ec480000)
 ParOldGen       total 68608K, used 27272K [0x00000000c0000000, 0x00000000c4300000, 0x00000000eab00000)
  object space 68608K, 39% used [0x00000000c0000000,0x00000000c1aa2150,0x00000000c4300000)
 Metaspace       used 56124K, committed 57216K, reserved 1114112K
  class space    used 6151K, committed 6656K, reserved 1048576K
}
Event: 5,668 GC heap after
{Heap after GC invocations=24 (full 2):
 PSYoungGen      total 24064K, used 1824K [0x00000000eab00000, 0x00000000ec480000, 0x0000000100000000)
  eden space 22016K, 0% used [0x00000000eab00000,0x00000000eab00000,0x00000000ec080000)
  from space 2048K, 89% used [0x00000000ec280000,0x00000000ec448000,0x00000000ec480000)
  to   space 2048K, 0% used [0x00000000ec080000,0x00000000ec080000,0x00000000ec280000)
 ParOldGen       total 68608K, used 29091K [0x00000000c0000000, 0x00000000c4300000, 0x00000000eab00000)
  object space 68608K, 42% used [0x00000000c0000000,0x00000000c1c68c68,0x00000000c4300000)
 Metaspace       used 56124K, committed 57216K, reserved 1114112K
  class space    used 6151K, committed 6656K, reserved 1048576K
}
Event: 5,692 GC heap before
{Heap before GC invocations=25 (full 2):
 PSYoungGen      total 24064K, used 23840K [0x00000000eab00000, 0x00000000ec480000, 0x0000000100000000)
  eden space 22016K, 100% used [0x00000000eab00000,0x00000000ec080000,0x00000000ec080000)
  from space 2048K, 89% used [0x00000000ec280000,0x00000000ec448000,0x00000000ec480000)
  to   space 2048K, 0% used [0x00000000ec080000,0x00000000ec080000,0x00000000ec280000)
 ParOldGen       total 68608K, used 29091K [0x00000000c0000000, 0x00000000c4300000, 0x00000000eab00000)
  object space 68608K, 42% used [0x00000000c0000000,0x00000000c1c68c68,0x00000000c4300000)
 Metaspace       used 56250K, committed 57280K, reserved 1114112K
  class space    used 6168K, committed 6656K, reserved 1048576K
}
Event: 5,696 GC heap after
{Heap after GC invocations=25 (full 2):
 PSYoungGen      total 24064K, used 2016K [0x00000000eab00000, 0x00000000ec980000, 0x0000000100000000)
  eden space 22016K, 0% used [0x00000000eab00000,0x00000000eab00000,0x00000000ec080000)
  from space 2048K, 98% used [0x00000000ec080000,0x00000000ec278010,0x00000000ec280000)
  to   space 4608K, 0% used [0x00000000ec500000,0x00000000ec500000,0x00000000ec980000)
 ParOldGen       total 68608K, used 30844K [0x00000000c0000000, 0x00000000c4300000, 0x00000000eab00000)
  object space 68608K, 44% used [0x00000000c0000000,0x00000000c1e1f270,0x00000000c4300000)
 Metaspace       used 56250K, committed 57280K, reserved 1114112K
  class space    used 6168K, committed 6656K, reserved 1048576K
}
Event: 5,718 GC heap before
{Heap before GC invocations=26 (full 2):
 PSYoungGen      total 24064K, used 24032K [0x00000000eab00000, 0x00000000ec980000, 0x0000000100000000)
  eden space 22016K, 100% used [0x00000000eab00000,0x00000000ec080000,0x00000000ec080000)
  from space 2048K, 98% used [0x00000000ec080000,0x00000000ec278010,0x00000000ec280000)
  to   space 4608K, 0% used [0x00000000ec500000,0x00000000ec500000,0x00000000ec980000)
 ParOldGen       total 68608K, used 30844K [0x00000000c0000000, 0x00000000c4300000, 0x00000000eab00000)
  object space 68608K, 44% used [0x00000000c0000000,0x00000000c1e1f270,0x00000000c4300000)
 Metaspace       used 56497K, committed 57536K, reserved 1114112K
  class space    used 6205K, committed 6656K, reserved 1048576K
}
Event: 5,725 GC heap after
{Heap after GC invocations=26 (full 2):
 PSYoungGen      total 24064K, used 1952K [0x00000000eab00000, 0x00000000ec700000, 0x0000000100000000)
  eden space 22016K, 0% used [0x00000000eab00000,0x00000000eab00000,0x00000000ec080000)
  from space 2048K, 95% used [0x00000000ec500000,0x00000000ec6e8000,0x00000000ec700000)
  to   space 3072K, 0% used [0x00000000ec100000,0x00000000ec100000,0x00000000ec400000)
 ParOldGen       total 68608K, used 32898K [0x00000000c0000000, 0x00000000c4300000, 0x00000000eab00000)
  object space 68608K, 47% used [0x00000000c0000000,0x00000000c20208d8,0x00000000c4300000)
 Metaspace       used 56497K, committed 57536K, reserved 1114112K
  class space    used 6205K, committed 6656K, reserved 1048576K
}
Event: 5,781 GC heap before
{Heap before GC invocations=27 (full 2):
 PSYoungGen      total 24064K, used 23968K [0x00000000eab00000, 0x00000000ec700000, 0x0000000100000000)
  eden space 22016K, 100% used [0x00000000eab00000,0x00000000ec080000,0x00000000ec080000)
  from space 2048K, 95% used [0x00000000ec500000,0x00000000ec6e8000,0x00000000ec700000)
  to   space 3072K, 0% used [0x00000000ec100000,0x00000000ec100000,0x00000000ec400000)
 ParOldGen       total 68608K, used 32898K [0x00000000c0000000, 0x00000000c4300000, 0x00000000eab00000)
  object space 68608K, 47% used [0x00000000c0000000,0x00000000c20208d8,0x00000000c4300000)
 Metaspace       used 56597K, committed 57600K, reserved 1114112K
  class space    used 6207K, committed 6656K, reserved 1048576K
}
Event: 5,788 GC heap after
{Heap after GC invocations=27 (full 2):
 PSYoungGen      total 25088K, used 3072K [0x00000000eab00000, 0x00000000ecd80000, 0x0000000100000000)
  eden space 22016K, 0% used [0x00000000eab00000,0x00000000eab00000,0x00000000ec080000)
  from space 3072K, 100% used [0x00000000ec100000,0x00000000ec400000,0x00000000ec400000)
  to   space 6656K, 0% used [0x00000000ec700000,0x00000000ec700000,0x00000000ecd80000)
 ParOldGen       total 68608K, used 35470K [0x00000000c0000000, 0x00000000c4300000, 0x00000000eab00000)
  object space 68608K, 51% used [0x00000000c0000000,0x00000000c22a38d8,0x00000000c4300000)
 Metaspace       used 56597K, committed 57600K, reserved 1114112K
  class space    used 6207K, committed 6656K, reserved 1048576K
}
Event: 5,922 GC heap before
{Heap before GC invocations=28 (full 2):
 PSYoungGen      total 25088K, used 18056K [0x00000000eab00000, 0x00000000ecd80000, 0x0000000100000000)
  eden space 22016K, 68% used [0x00000000eab00000,0x00000000eb9a2090,0x00000000ec080000)
  from space 3072K, 100% used [0x00000000ec100000,0x00000000ec400000,0x00000000ec400000)
  to   space 6656K, 0% used [0x00000000ec700000,0x00000000ec700000,0x00000000ecd80000)
 ParOldGen       total 68608K, used 35470K [0x00000000c0000000, 0x00000000c4300000, 0x00000000eab00000)
  object space 68608K, 51% used [0x00000000c0000000,0x00000000c22a38d8,0x00000000c4300000)
 Metaspace       used 58676K, committed 59776K, reserved 1114112K
  class space    used 6425K, committed 6976K, reserved 1048576K
}
Event: 5,928 GC heap after
{Heap after GC invocations=28 (full 2):
 PSYoungGen      total 23552K, used 1402K [0x00000000eab00000, 0x00000000ec880000, 0x0000000100000000)
  eden space 22016K, 0% used [0x00000000eab00000,0x00000000eab00000,0x00000000ec080000)
  from space 1536K, 91% used [0x00000000ec700000,0x00000000ec85eb68,0x00000000ec880000)
  to   space 3072K, 0% used [0x00000000ec280000,0x00000000ec280000,0x00000000ec580000)
 ParOldGen       total 68608K, used 38443K [0x00000000c0000000, 0x00000000c4300000, 0x00000000eab00000)
  object space 68608K, 56% used [0x00000000c0000000,0x00000000c258ac30,0x00000000c4300000)
 Metaspace       used 58676K, committed 59776K, reserved 1114112K
  class space    used 6425K, committed 6976K, reserved 1048576K
}
Event: 5,928 GC heap before
{Heap before GC invocations=29 (full 3):
 PSYoungGen      total 23552K, used 1402K [0x00000000eab00000, 0x00000000ec880000, 0x0000000100000000)
  eden space 22016K, 0% used [0x00000000eab00000,0x00000000eab00000,0x00000000ec080000)
  from space 1536K, 91% used [0x00000000ec700000,0x00000000ec85eb68,0x00000000ec880000)
  to   space 3072K, 0% used [0x00000000ec280000,0x00000000ec280000,0x00000000ec580000)
 ParOldGen       total 68608K, used 38443K [0x00000000c0000000, 0x00000000c4300000, 0x00000000eab00000)
  object space 68608K, 56% used [0x00000000c0000000,0x00000000c258ac30,0x00000000c4300000)
 Metaspace       used 58676K, committed 59776K, reserved 1114112K
  class space    used 6425K, committed 6976K, reserved 1048576K
}
Event: 5,978 GC heap after
{Heap after GC invocations=29 (full 3):
 PSYoungGen      total 23552K, used 0K [0x00000000eab00000, 0x00000000ec880000, 0x0000000100000000)
  eden space 22016K, 0% used [0x00000000eab00000,0x00000000eab00000,0x00000000ec080000)
  from space 1536K, 0% used [0x00000000ec700000,0x00000000ec700000,0x00000000ec880000)
  to   space 3072K, 0% used [0x00000000ec280000,0x00000000ec280000,0x00000000ec580000)
 ParOldGen       total 68608K, used 38132K [0x00000000c0000000, 0x00000000c4300000, 0x00000000eab00000)
  object space 68608K, 55% used [0x00000000c0000000,0x00000000c253d0c8,0x00000000c4300000)
 Metaspace       used 58676K, committed 59776K, reserved 1114112K
  class space    used 6425K, committed 6976K, reserved 1048576K
}
Event: 6,080 GC heap before
{Heap before GC invocations=30 (full 3):
 PSYoungGen      total 23552K, used 22016K [0x00000000eab00000, 0x00000000ec880000, 0x0000000100000000)
  eden space 22016K, 100% used [0x00000000eab00000,0x00000000ec080000,0x00000000ec080000)
  from space 1536K, 0% used [0x00000000ec700000,0x00000000ec700000,0x00000000ec880000)
  to   space 3072K, 0% used [0x00000000ec280000,0x00000000ec280000,0x00000000ec580000)
 ParOldGen       total 68608K, used 38132K [0x00000000c0000000, 0x00000000c4300000, 0x00000000eab00000)
  object space 68608K, 55% used [0x00000000c0000000,0x00000000c253d0c8,0x00000000c4300000)
 Metaspace       used 59751K, committed 60864K, reserved 1114112K
  class space    used 6571K, committed 7104K, reserved 1048576K
}
Event: 6,081 GC heap after
{Heap after GC invocations=30 (full 3):
 PSYoungGen      total 25088K, used 544K [0x00000000eab00000, 0x00000000ec780000, 0x0000000100000000)
  eden space 22016K, 0% used [0x00000000eab00000,0x00000000eab00000,0x00000000ec080000)
  from space 3072K, 17% used [0x00000000ec280000,0x00000000ec3081c0,0x00000000ec580000)
  to   space 1536K, 0% used [0x00000000ec600000,0x00000000ec600000,0x00000000ec780000)
 ParOldGen       total 68608K, used 38140K [0x00000000c0000000, 0x00000000c4300000, 0x00000000eab00000)
  object space 68608K, 55% used [0x00000000c0000000,0x00000000c253f0c8,0x00000000c4300000)
 Metaspace       used 59751K, committed 60864K, reserved 1114112K
  class space    used 6571K, committed 7104K, reserved 1048576K
}
Event: 6,158 GC heap before
{Heap before GC invocations=31 (full 3):
 PSYoungGen      total 25088K, used 22560K [0x00000000eab00000, 0x00000000ec780000, 0x0000000100000000)
  eden space 22016K, 100% used [0x00000000eab00000,0x00000000ec080000,0x00000000ec080000)
  from space 3072K, 17% used [0x00000000ec280000,0x00000000ec3081c0,0x00000000ec580000)
  to   space 1536K, 0% used [0x00000000ec600000,0x00000000ec600000,0x00000000ec780000)
 ParOldGen       total 68608K, used 38140K [0x00000000c0000000, 0x00000000c4300000, 0x00000000eab00000)
  object space 68608K, 55% used [0x00000000c0000000,0x00000000c253f0c8,0x00000000c4300000)
 Metaspace       used 60530K, committed 61696K, reserved 1114112K
  class space    used 6640K, committed 7168K, reserved 1048576K
}
Event: 6,160 GC heap after
{Heap after GC invocations=31 (full 3):
 PSYoungGen      total 23552K, used 1533K [0x00000000eab00000, 0x00000000ec780000, 0x0000000100000000)
  eden space 22016K, 0% used [0x00000000eab00000,0x00000000eab00000,0x00000000ec080000)
  from space 1536K, 99% used [0x00000000ec600000,0x00000000ec77f680,0x00000000ec780000)
  to   space 2560K, 0% used [0x00000000ec280000,0x00000000ec280000,0x00000000ec500000)
 ParOldGen       total 68608K, used 38804K [0x00000000c0000000, 0x00000000c4300000, 0x00000000eab00000)
  object space 68608K, 56% used [0x00000000c0000000,0x00000000c25e5240,0x00000000c4300000)
 Metaspace       used 60530K, committed 61696K, reserved 1114112K
  class space    used 6640K, committed 7168K, reserved 1048576K
}
Event: 6,222 GC heap before
{Heap before GC invocations=32 (full 3):
 PSYoungGen      total 23552K, used 23549K [0x00000000eab00000, 0x00000000ec780000, 0x0000000100000000)
  eden space 22016K, 100% used [0x00000000eab00000,0x00000000ec080000,0x00000000ec080000)
  from space 1536K, 99% used [0x00000000ec600000,0x00000000ec77f680,0x00000000ec780000)
  to   space 2560K, 0% used [0x00000000ec280000,0x00000000ec280000,0x00000000ec500000)
 ParOldGen       total 68608K, used 38804K [0x00000000c0000000, 0x00000000c4300000, 0x00000000eab00000)
  object space 68608K, 56% used [0x00000000c0000000,0x00000000c25e5240,0x00000000c4300000)
 Metaspace       used 60809K, committed 61952K, reserved 1114112K
  class space    used 6654K, committed 7168K, reserved 1048576K
}
Event: 6,224 GC heap after
{Heap after GC invocations=32 (full 3):
 PSYoungGen      total 24576K, used 128K [0x00000000eab00000, 0x00000000ec680000, 0x0000000100000000)
  eden space 22016K, 0% used [0x00000000eab00000,0x00000000eab00000,0x00000000ec080000)
  from space 2560K, 5% used [0x00000000ec280000,0x00000000ec2a0000,0x00000000ec500000)
  to   space 1024K, 0% used [0x00000000ec580000,0x00000000ec580000,0x00000000ec680000)
 ParOldGen       total 68608K, used 39649K [0x00000000c0000000, 0x00000000c4300000, 0x00000000eab00000)
  object space 68608K, 57% used [0x00000000c0000000,0x00000000c26b8468,0x00000000c4300000)
 Metaspace       used 60809K, committed 61952K, reserved 1114112K
  class space    used 6654K, committed 7168K, reserved 1048576K
}

Dll operation events (10 events):
Event: 0,002 Loaded shared library /home/kyw3010/.vscode/extensions/redhat.java-1.34.0-linux-x64/jre/17.0.12-linux-x86_64/lib/libjava.so
Event: 0,110 Loaded shared library /home/kyw3010/.vscode/extensions/redhat.java-1.34.0-linux-x64/jre/17.0.12-linux-x86_64/lib/libzip.so
Event: 0,111 Loaded shared library /home/kyw3010/.vscode/extensions/redhat.java-1.34.0-linux-x64/jre/17.0.12-linux-x86_64/lib/libinstrument.so
Event: 0,116 Loaded shared library /home/kyw3010/.vscode/extensions/redhat.java-1.34.0-linux-x64/jre/17.0.12-linux-x86_64/lib/libnio.so
Event: 0,123 Loaded shared library /home/kyw3010/.vscode/extensions/redhat.java-1.34.0-linux-x64/jre/17.0.12-linux-x86_64/lib/libzip.so
Event: 0,131 Loaded shared library /home/kyw3010/.vscode/extensions/redhat.java-1.34.0-linux-x64/jre/17.0.12-linux-x86_64/lib/libjimage.so
Event: 0,158 Loaded shared library /home/kyw3010/.vscode/extensions/redhat.java-1.34.0-linux-x64/jre/17.0.12-linux-x86_64/lib/libverify.so
Event: 0,552 Loaded shared library /home/kyw3010/.vscode/extensions/redhat.java-1.34.0-linux-x64/jre/17.0.12-linux-x86_64/lib/libnet.so
Event: 0,927 Loaded shared library /home/kyw3010/.config/Code/User/globalStorage/redhat.java/1.34.0/config_linux/org.eclipse.equinox.launcher/org.eclipse.equinox.launcher.gtk.linux.x86_64_1.2.1100.v20240722-2106/eclipse_11904.so
Event: 5,367 Loaded shared library /home/kyw3010/.vscode/extensions/redhat.java-1.34.0-linux-x64/jre/17.0.12-linux-x86_64/lib/libextnet.so

Deoptimization events (20 events):
Event: 6,275 Thread 0x00007f2b14001130 Uncommon trap: trap_request=0xffffffde fr.pc=0x00007f2bb619b928 relative=0x0000000000001108
Event: 6,275 Thread 0x00007f2b14001130 Uncommon trap: reason=class_check action=maybe_recompile pc=0x00007f2bb619b928 method=java.nio.file.FileTreeWalker.visit(Ljava/nio/file/Path;ZZ)Ljava/nio/file/FileTreeWalker$Event; @ 58 c2
Event: 6,275 Thread 0x00007f2b14001130 DEOPT PACKING pc=0x00007f2bb619b928 sp=0x00007f2b433fe240
Event: 6,275 Thread 0x00007f2b14001130 DEOPT UNPACKING pc=0x00007f2bb5962819 sp=0x00007f2b433fe240 mode 2
Event: 6,275 Thread 0x00007f2b14001130 Uncommon trap: trap_request=0xffffffde fr.pc=0x00007f2bb6191b80 relative=0x00000000000014c0
Event: 6,275 Thread 0x00007f2b14001130 Uncommon trap: reason=class_check action=maybe_recompile pc=0x00007f2bb6191b80 method=java.nio.file.FileTreeWalker.next()Ljava/nio/file/FileTreeWalker$Event; @ 37 c2
Event: 6,275 Thread 0x00007f2b14001130 DEOPT PACKING pc=0x00007f2bb6191b80 sp=0x00007f2b433fe2e0
Event: 6,275 Thread 0x00007f2b14001130 DEOPT UNPACKING pc=0x00007f2bb5962819 sp=0x00007f2b433fe2e0 mode 2
Event: 6,275 Thread 0x00007f2b14001130 Uncommon trap: trap_request=0xffffffde fr.pc=0x00007f2bb619b928 relative=0x0000000000001108
Event: 6,275 Thread 0x00007f2b14001130 Uncommon trap: reason=class_check action=maybe_recompile pc=0x00007f2bb619b928 method=java.nio.file.FileTreeWalker.visit(Ljava/nio/file/Path;ZZ)Ljava/nio/file/FileTreeWalker$Event; @ 58 c2
Event: 6,275 Thread 0x00007f2b14001130 DEOPT PACKING pc=0x00007f2bb619b928 sp=0x00007f2b433fe260
Event: 6,275 Thread 0x00007f2b14001130 DEOPT UNPACKING pc=0x00007f2bb5962819 sp=0x00007f2b433fe260 mode 2
Event: 6,275 Thread 0x00007f2b14001130 Uncommon trap: trap_request=0xffffffde fr.pc=0x00007f2bb6191b80 relative=0x00000000000014c0
Event: 6,275 Thread 0x00007f2b14001130 Uncommon trap: reason=class_check action=maybe_recompile pc=0x00007f2bb6191b80 method=java.nio.file.FileTreeWalker.next()Ljava/nio/file/FileTreeWalker$Event; @ 37 c2
Event: 6,275 Thread 0x00007f2b14001130 DEOPT PACKING pc=0x00007f2bb6191b80 sp=0x00007f2b433fe2e0
Event: 6,275 Thread 0x00007f2b14001130 DEOPT UNPACKING pc=0x00007f2bb5962819 sp=0x00007f2b433fe2e0 mode 2
Event: 6,321 Thread 0x00007f2b14001130 Uncommon trap: trap_request=0xffffff45 fr.pc=0x00007f2bb60af55c relative=0x000000000000043c
Event: 6,321 Thread 0x00007f2b14001130 Uncommon trap: reason=unstable_if action=reinterpret pc=0x00007f2bb60af55c method=java.nio.charset.CharsetDecoder.decode(Ljava/nio/ByteBuffer;Ljava/nio/CharBuffer;Z)Ljava/nio/charset/CoderResult; @ 1 c2
Event: 6,321 Thread 0x00007f2b14001130 DEOPT PACKING pc=0x00007f2bb60af55c sp=0x00007f2b433fdae0
Event: 6,321 Thread 0x00007f2b14001130 DEOPT UNPACKING pc=0x00007f2bb5962819 sp=0x00007f2b433fdab8 mode 2

Classes loaded (20 events):
Event: 5,981 Loading class sun/net/www/http/KeepAliveStreamCleaner
Event: 5,982 Loading class sun/net/www/http/KeepAliveStreamCleaner done
Event: 5,983 Loading class sun/net/www/http/KeepAliveStreamCleaner$1
Event: 5,983 Loading class sun/net/www/http/KeepAliveStreamCleaner$1 done
Event: 5,983 Loading class sun/net/www/http/KeepAliveStreamCleaner$2
Event: 5,984 Loading class sun/net/www/http/KeepAliveStreamCleaner$2 done
Event: 5,984 Loading class sun/net/www/protocol/http/HttpURLConnection$HttpInputStream
Event: 5,984 Loading class sun/net/www/protocol/http/HttpURLConnection$HttpInputStream done
Event: 6,114 Loading class java/util/regex/Pattern$Caret
Event: 6,114 Loading class java/util/regex/Pattern$Caret done
Event: 6,290 Loading class java/nio/channels/Channels$1
Event: 6,290 Loading class java/nio/channels/Channels$1 done
Event: 6,320 Loading class sun/nio/cs/ThreadLocalCoders
Event: 6,320 Loading class sun/nio/cs/ThreadLocalCoders done
Event: 6,320 Loading class sun/nio/cs/ThreadLocalCoders$1
Event: 6,320 Loading class sun/nio/cs/ThreadLocalCoders$Cache
Event: 6,320 Loading class sun/nio/cs/ThreadLocalCoders$Cache done
Event: 6,320 Loading class sun/nio/cs/ThreadLocalCoders$1 done
Event: 6,320 Loading class sun/nio/cs/ThreadLocalCoders$2
Event: 6,320 Loading class sun/nio/cs/ThreadLocalCoders$2 done

Classes unloaded (7 events):
Event: 3,211 Thread 0x00007f2bc006ac30 Unloading class 0x0000000100250400 'java/lang/invoke/LambdaForm$MH+0x0000000100250400'
Event: 3,211 Thread 0x00007f2bc006ac30 Unloading class 0x0000000100250000 'java/lang/invoke/LambdaForm$MH+0x0000000100250000'
Event: 3,211 Thread 0x00007f2bc006ac30 Unloading class 0x000000010024fc00 'java/lang/invoke/LambdaForm$MH+0x000000010024fc00'
Event: 3,211 Thread 0x00007f2bc006ac30 Unloading class 0x000000010024f800 'java/lang/invoke/LambdaForm$MH+0x000000010024f800'
Event: 3,211 Thread 0x00007f2bc006ac30 Unloading class 0x000000010024f400 'java/lang/invoke/LambdaForm$BMH+0x000000010024f400'
Event: 3,211 Thread 0x00007f2bc006ac30 Unloading class 0x000000010024f000 'java/lang/invoke/LambdaForm$DMH+0x000000010024f000'
Event: 3,211 Thread 0x00007f2bc006ac30 Unloading class 0x000000010024c400 'java/lang/invoke/LambdaForm$DMH+0x000000010024c400'

Classes redefined (0 events):
No events

Internal exceptions (20 events):
Event: 4,446 Thread 0x00007f2b4816b9f0 Exception <a 'java/lang/NoSuchMethodError'{0x00000000eb44e848}: 'void java.lang.invoke.DirectMethodHandle$Holder.invokeStaticInit(java.lang.Object, java.lang.Object, java.lang.Object)'> (0x00000000eb44e848) 
thrown [src/hotspot/share/interpreter/linkResolver.cpp, line 758]
Event: 4,450 Thread 0x00007f2b4816b9f0 Exception <a 'java/lang/ExceptionInInitializerError'{0x00000000eb485648}> (0x00000000eb485648) 
thrown [src/hotspot/share/oops/instanceKlass.cpp, line 1218]
Event: 4,488 Thread 0x00007f2b4816b9f0 Implicit null exception at 0x00007f2bb5fb3730 to 0x00007f2bb5fb38dc
Event: 4,488 Thread 0x00007f2b4816b9f0 Implicit null exception at 0x00007f2bb5f2d989 to 0x00007f2bb5f2eba0
Event: 4,495 Thread 0x00007f2b4816b9f0 Exception <a 'java/lang/NoSuchMethodError'{0x00000000eb616578}: 'java.lang.Object java.lang.invoke.Invokers$Holder.invokeExact_MT(java.lang.Object, int, java.lang.Object)'> (0x00000000eb616578) 
thrown [src/hotspot/share/interpreter/linkResolver.cpp, line 758]
Event: 4,824 Thread 0x00007f2b4816b9f0 Exception <a 'java/lang/NoClassDefFoundError'{0x00000000ead211f8}: com/google/inject/servlet/ServletModuleTargetVisitor> (0x00000000ead211f8) 
thrown [src/hotspot/share/classfile/systemDictionary.cpp, line 245]
Event: 5,151 Thread 0x00007f2bc077adb0 Exception <a 'java/io/FileNotFoundException'{0x00000000ebb287b8}> (0x00000000ebb287b8) 
thrown [src/hotspot/share/prims/jni.cpp, line 516]
Event: 5,238 Thread 0x00007f2b14001130 Exception <a 'java/lang/NoSuchMethodError'{0x00000000eb165558}: 'int java.lang.invoke.DirectMethodHandle$Holder.invokeSpecialIFC(java.lang.Object, java.lang.Object, java.lang.Object, java.lang.Object)'> (0x00000000eb165558) 
thrown [src/hotspot/share/interpreter/linkResolver.cpp, line 758]
Event: 5,271 Thread 0x00007f2b14001130 Exception <a 'java/lang/NoSuchMethodError'{0x00000000eb710318}: 'int java.lang.invoke.DirectMethodHandle$Holder.invokeInterface(java.lang.Object, java.lang.Object)'> (0x00000000eb710318) 
thrown [src/hotspot/share/interpreter/linkResolver.cpp, line 758]
Event: 5,271 Thread 0x00007f2b14001130 Exception <a 'java/lang/IncompatibleClassChangeError'{0x00000000eb744760}: Found class java.lang.Object, but interface was expected> (0x00000000eb744760) 
thrown [src/hotspot/share/interpreter/linkResolver.cpp, line 826]
Event: 5,336 Thread 0x00007f2b14001130 Exception <a 'java/lang/NoSuchMethodError'{0x00000000ebdf5870}: 'void java.lang.invoke.DirectMethodHandle$Holder.invokeVirtual(java.lang.Object, java.lang.Object, java.lang.Object, java.lang.Object)'> (0x00000000ebdf5870) 
thrown [src/hotspot/share/interpreter/linkResolver.cpp, line 758]
Event: 5,369 Thread 0x00007f2b14001130 Exception <a 'java/lang/NoSuchMethodError'{0x00000000eab7c250}: 'java.lang.Object java.lang.invoke.Invokers$Holder.invoke_MT(java.lang.Object, java.lang.Object, java.lang.Object)'> (0x00000000eab7c250) 
thrown [src/hotspot/share/interpreter/linkResolver.cpp, line 758]
Event: 5,488 Thread 0x00007f2b14001130 Exception <a 'java/io/FileNotFoundException'{0x00000000eac1be38}> (0x00000000eac1be38) 
thrown [src/hotspot/share/prims/jni.cpp, line 516]
Event: 5,488 Thread 0x00007f2b14001130 Exception <a 'java/io/FileNotFoundException'{0x00000000eac1d328}> (0x00000000eac1d328) 
thrown [src/hotspot/share/prims/jni.cpp, line 516]
Event: 5,489 Thread 0x00007f2b14001130 Exception <a 'java/lang/NoSuchMethodError'{0x00000000eaca3b38}: 'java.lang.Object java.lang.invoke.DirectMethodHandle$Holder.newInvokeSpecial(java.lang.Object, java.lang.Object, java.lang.Object, int)'> (0x00000000eaca3b38) 
thrown [src/hotspot/share/interpreter/linkResolver.cpp, line 758]
Event: 5,489 Thread 0x00007f2b14001130 Exception <a 'java/lang/NoSuchMethodError'{0x00000000eacadf38}: 'java.lang.Object java.lang.invoke.DirectMethodHandle$Holder.invokeSpecial(java.lang.Object, java.lang.Object, java.lang.Object, java.lang.Object, int)'> (0x00000000eacadf38) 
thrown [src/hotspot/share/interpreter/linkResolver.cpp, line 758]
Event: 5,490 Thread 0x00007f2b14001130 Exception <a 'java/lang/NoSuchMethodError'{0x00000000eacb18e8}: 'java.lang.Object java.lang.invoke.Invokers$Holder.linkToTargetMethod(java.lang.Object, java.lang.Object, int, java.lang.Object)'> (0x00000000eacb18e8) 
thrown [src/hotspot/share/interpreter/linkResolver.cpp, line 758]
Event: 6,287 Thread 0x00007f2b14001130 Exception <a 'java/io/FileNotFoundException'{0x00000000eb18b350}> (0x00000000eb18b350) 
thrown [src/hotspot/share/prims/jni.cpp, line 516]
Event: 6,288 Thread 0x00007f2b14001130 Exception <a 'java/io/FileNotFoundException'{0x00000000eb18c370}> (0x00000000eb18c370) 
thrown [src/hotspot/share/prims/jni.cpp, line 516]
Event: 6,323 Thread 0x00007f2b14001130 Exception <a 'java/io/FileNotFoundException'{0x00000000eb2f59c8}> (0x00000000eb2f59c8) 
thrown [src/hotspot/share/prims/jni.cpp, line 516]

VM Operations (20 events):
Event: 5,692 Executing VM operation: ParallelGCFailedAllocation
Event: 5,696 Executing VM operation: ParallelGCFailedAllocation done
Event: 5,718 Executing VM operation: ParallelGCFailedAllocation
Event: 5,725 Executing VM operation: ParallelGCFailedAllocation done
Event: 5,780 Executing VM operation: ParallelGCFailedAllocation
Event: 5,788 Executing VM operation: ParallelGCFailedAllocation done
Event: 5,808 Executing VM operation: HandshakeAllThreads
Event: 5,808 Executing VM operation: HandshakeAllThreads done
Event: 5,922 Executing VM operation: CollectForMetadataAllocation
Event: 5,978 Executing VM operation: CollectForMetadataAllocation done
Event: 5,980 Executing VM operation: HandshakeAllThreads
Event: 5,981 Executing VM operation: HandshakeAllThreads done
Event: 5,983 Executing VM operation: HandshakeAllThreads
Event: 5,983 Executing VM operation: HandshakeAllThreads done
Event: 6,080 Executing VM operation: ParallelGCFailedAllocation
Event: 6,082 Executing VM operation: ParallelGCFailedAllocation done
Event: 6,158 Executing VM operation: ParallelGCFailedAllocation
Event: 6,160 Executing VM operation: ParallelGCFailedAllocation done
Event: 6,221 Executing VM operation: ParallelGCFailedAllocation
Event: 6,224 Executing VM operation: ParallelGCFailedAllocation done

Events (20 events):
Event: 5,099 Thread 0x00007f2bc0222570 flushing nmethod 0x00007f2baed67790
Event: 5,099 Thread 0x00007f2bc0222570 flushing nmethod 0x00007f2baed86c90
Event: 5,099 Thread 0x00007f2bc0222570 flushing nmethod 0x00007f2baed89d90
Event: 5,099 Thread 0x00007f2bc0222570 flushing nmethod 0x00007f2baed8a290
Event: 5,099 Thread 0x00007f2bc0222570 flushing nmethod 0x00007f2baed8b590
Event: 5,099 Thread 0x00007f2bc0222570 flushing nmethod 0x00007f2baed8ba10
Event: 5,099 Thread 0x00007f2bc0222570 flushing nmethod 0x00007f2baed8d990
Event: 5,099 Thread 0x00007f2bc0222570 flushing nmethod 0x00007f2baed8dd90
Event: 5,099 Thread 0x00007f2bc0222570 flushing nmethod 0x00007f2baed90010
Event: 5,099 Thread 0x00007f2bc0222570 flushing nmethod 0x00007f2baed90b90
Event: 5,099 Thread 0x00007f2bc0222570 flushing nmethod 0x00007f2baeda4910
Event: 5,099 Thread 0x00007f2bc0222570 flushing nmethod 0x00007f2baee0db90
Event: 5,099 Thread 0x00007f2bc0222570 flushing nmethod 0x00007f2baee1d310
Event: 5,099 Thread 0x00007f2bc0222570 flushing nmethod 0x00007f2baee1dd90
Event: 5,099 Thread 0x00007f2bc0222570 flushing nmethod 0x00007f2baee20710
Event: 5,808 Thread 0x00007f2b14151d20 Thread added: 0x00007f2b14151d20
Event: 5,808 Protecting memory [0x00007f2b43200000,0x00007f2b43204000] with protection modes 0
Event: 5,809 Thread 0x00007f2b14151d20 Thread exited: 0x00007f2b14151d20
Event: 6,325 Thread 0x00007f2b24045150 Thread added: 0x00007f2b24045150
Event: 6,325 Protecting memory [0x00007f2b43200000,0x00007f2b43204000] with protection modes 0


Dynamic libraries:
c0000000-c4300000 rw-p 00000000 00:00 0 
c4300000-eab00000 ---p 00000000 00:00 0 
eab00000-ec680000 rw-p 00000000 00:00 0 
ec680000-100000000 ---p 00000000 00:00 0 
100000000-100020000 rw-p 00000000 00:00 0 
100020000-100040000 rw-p 00000000 00:00 0 
100040000-1000c0000 rw-p 00000000 00:00 0 
1000c0000-1000e0000 rw-p 00000000 00:00 0 
1000e0000-100140000 rw-p 00000000 00:00 0 
100140000-100180000 rw-p 00000000 00:00 0 
100180000-1001c0000 rw-p 00000000 00:00 0 
1001c0000-100200000 rw-p 00000000 00:00 0 
100200000-1003c0000 rw-p 00000000 00:00 0 
1003c0000-100400000 rw-p 00000000 00:00 0 
100400000-100600000 rw-p 00000000 00:00 0 
100600000-100680000 rw-p 00000000 00:00 0 
100680000-100720000 rw-p 00000000 00:00 0 
100720000-140000000 ---p 00000000 00:00 0 
55733dad5000-55733dad6000 r--p 00000000 103:02 13663430                  /home/kyw3010/.vscode/extensions/redhat.java-1.34.0-linux-x64/jre/17.0.12-linux-x86_64/bin/java
55733dad6000-55733dad7000 r-xp 00001000 103:02 13663430                  /home/kyw3010/.vscode/extensions/redhat.java-1.34.0-linux-x64/jre/17.0.12-linux-x86_64/bin/java
55733dad7000-55733dad8000 r--p 00002000 103:02 13663430                  /home/kyw3010/.vscode/extensions/redhat.java-1.34.0-linux-x64/jre/17.0.12-linux-x86_64/bin/java
55733dad8000-55733dad9000 r--p 00002000 103:02 13663430                  /home/kyw3010/.vscode/extensions/redhat.java-1.34.0-linux-x64/jre/17.0.12-linux-x86_64/bin/java
55733dad9000-55733dada000 rw-p 00003000 103:02 13663430                  /home/kyw3010/.vscode/extensions/redhat.java-1.34.0-linux-x64/jre/17.0.12-linux-x86_64/bin/java
55733f309000-55733f352000 rw-p 00000000 00:00 0                          [heap]
7f2733b63000-7f2afc000000 rw-p 00000000 00:00 0 
7f2afc000000-7f2afc021000 rw-p 00000000 00:00 0 
7f2afc021000-7f2b00000000 ---p 00000000 00:00 0 
7f2b037cf000-7f2b0c000000 r--s 00000000 103:02 11674876                  /usr/lib/jvm/java-11-openjdk-amd64/lib/modules
7f2b0c000000-7f2b0c0da000 rw-p 00000000 00:00 0 
7f2b0c0da000-7f2b10000000 ---p 00000000 00:00 0 
7f2b10000000-7f2b10327000 rw-p 00000000 00:00 0 
7f2b10327000-7f2b14000000 ---p 00000000 00:00 0 
7f2b14000000-7f2b1416e000 rw-p 00000000 00:00 0 
7f2b1416e000-7f2b18000000 ---p 00000000 00:00 0 
7f2b18000000-7f2b18021000 rw-p 00000000 00:00 0 
7f2b18021000-7f2b1c000000 ---p 00000000 00:00 0 
7f2b1c000000-7f2b1c021000 rw-p 00000000 00:00 0 
7f2b1c021000-7f2b20000000 ---p 00000000 00:00 0 
7f2b20000000-7f2b20021000 rw-p 00000000 00:00 0 
7f2b20021000-7f2b24000000 ---p 00000000 00:00 0 
7f2b24000000-7f2b24057000 rw-p 00000000 00:00 0 
7f2b24057000-7f2b28000000 ---p 00000000 00:00 0 
7f2b28000000-7f2b2952d000 rw-p 00000000 00:00 0 
7f2b2952d000-7f2b2c000000 ---p 00000000 00:00 0 
7f2b2c000000-7f2b2c021000 rw-p 00000000 00:00 0 
7f2b2c021000-7f2b30000000 ---p 00000000 00:00 0 
7f2b30000000-7f2b305c0000 rw-p 00000000 00:00 0 
7f2b305c0000-7f2b34000000 ---p 00000000 00:00 0 
7f2b34000000-7f2b34021000 rw-p 00000000 00:00 0 
7f2b34021000-7f2b38000000 ---p 00000000 00:00 0 
7f2b38000000-7f2b38021000 rw-p 00000000 00:00 0 
7f2b38021000-7f2b3c000000 ---p 00000000 00:00 0 
7f2b3c000000-7f2b3c021000 rw-p 00000000 00:00 0 
7f2b3c021000-7f2b40000000 ---p 00000000 00:00 0 
7f2b43200000-7f2b43204000 ---p 00000000 00:00 0 
7f2b43204000-7f2b43300000 rw-p 00000000 00:00 0 
7f2b43300000-7f2b43304000 ---p 00000000 00:00 0 
7f2b43304000-7f2b43400000 rw-p 00000000 00:00 0 
7f2b43400000-7f2b43404000 ---p 00000000 00:00 0 
7f2b43404000-7f2b43500000 rw-p 00000000 00:00 0 
7f2b43500000-7f2b43504000 ---p 00000000 00:00 0 
7f2b43504000-7f2b43600000 rw-p 00000000 00:00 0 
7f2b43600000-7f2b43604000 ---p 00000000 00:00 0 
7f2b43604000-7f2b43700000 rw-p 00000000 00:00 0 
7f2b43700000-7f2b43704000 ---p 00000000 00:00 0 
7f2b43704000-7f2b43800000 rw-p 00000000 00:00 0 
7f2b43800000-7f2b43804000 ---p 00000000 00:00 0 
7f2b43804000-7f2b43900000 rw-p 00000000 00:00 0 
7f2b43900000-7f2b43904000 ---p 00000000 00:00 0 
7f2b43904000-7f2b43a00000 rw-p 00000000 00:00 0 
7f2b43a00000-7f2b43a04000 ---p 00000000 00:00 0 
7f2b43a04000-7f2b43b00000 rw-p 00000000 00:00 0 
7f2b43b00000-7f2b43b04000 ---p 00000000 00:00 0 
7f2b43b04000-7f2b43c00000 rw-p 00000000 00:00 0 
7f2b43c00000-7f2b43c10000 r-xp 00000000 103:02 13663938                  /home/kyw3010/.config/Code/User/globalStorage/redhat.java/1.34.0/config_linux/org.eclipse.equinox.launcher/org.eclipse.equinox.launcher.gtk.linux.x86_64_1.2.1100.v20240722-2106/eclipse_11904.so
7f2b43c10000-7f2b43e10000 ---p 00010000 103:02 13663938                  /home/kyw3010/.config/Code/User/globalStorage/redhat.java/1.34.0/config_linux/org.eclipse.equinox.launcher/org.eclipse.equinox.launcher.gtk.linux.x86_64_1.2.1100.v20240722-2106/eclipse_11904.so
7f2b43e10000-7f2b43e11000 r--p 00010000 103:02 13663938                  /home/kyw3010/.config/Code/User/globalStorage/redhat.java/1.34.0/config_linux/org.eclipse.equinox.launcher/org.eclipse.equinox.launcher.gtk.linux.x86_64_1.2.1100.v20240722-2106/eclipse_11904.so
7f2b43e11000-7f2b43e12000 rw-p 00011000 103:02 13663938                  /home/kyw3010/.config/Code/User/globalStorage/redhat.java/1.34.0/config_linux/org.eclipse.equinox.launcher/org.eclipse.equinox.launcher.gtk.linux.x86_64_1.2.1100.v20240722-2106/eclipse_11904.so
7f2b43e12000-7f2b43e13000 rw-p 00000000 00:00 0 
7f2b43f00000-7f2b43f04000 ---p 00000000 00:00 0 
7f2b43f04000-7f2b44000000 rw-p 00000000 00:00 0 
7f2b44000000-7f2b44021000 rw-p 00000000 00:00 0 
7f2b44021000-7f2b48000000 ---p 00000000 00:00 0 
7f2b48000000-7f2b48a8d000 rw-p 00000000 00:00 0 
7f2b48a8d000-7f2b4c000000 ---p 00000000 00:00 0 
7f2b4c000000-7f2b4c021000 rw-p 00000000 00:00 0 
7f2b4c021000-7f2b50000000 ---p 00000000 00:00 0 
7f2b50000000-7f2b50021000 rw-p 00000000 00:00 0 
7f2b50021000-7f2b54000000 ---p 00000000 00:00 0 
7f2b54000000-7f2b54021000 rw-p 00000000 00:00 0 
7f2b54021000-7f2b58000000 ---p 00000000 00:00 0 
7f2b58000000-7f2b58021000 rw-p 00000000 00:00 0 
7f2b58021000-7f2b5c000000 ---p 00000000 00:00 0 
7f2b5c000000-7f2b5c021000 rw-p 00000000 00:00 0 
7f2b5c021000-7f2b60000000 ---p 00000000 00:00 0 
7f2b60000000-7f2b60021000 rw-p 00000000 00:00 0 
7f2b60021000-7f2b64000000 ---p 00000000 00:00 0 
7f2b64000000-7f2b642df000 rw-p 00000000 00:00 0 
7f2b642df000-7f2b68000000 ---p 00000000 00:00 0 
7f2b68000000-7f2b68021000 rw-p 00000000 00:00 0 
7f2b68021000-7f2b6c000000 ---p 00000000 00:00 0 
7f2b6c000000-7f2b6c021000 rw-p 00000000 00:00 0 
7f2b6c021000-7f2b70000000 ---p 00000000 00:00 0 
7f2b70000000-7f2b70021000 rw-p 00000000 00:00 0 
7f2b70021000-7f2b74000000 ---p 00000000 00:00 0 
7f2b74000000-7f2b74021000 rw-p 00000000 00:00 0 
7f2b74021000-7f2b78000000 ---p 00000000 00:00 0 
7f2b78000000-7f2b793fb000 rw-p 00000000 00:00 0 
7f2b793fb000-7f2b7c000000 ---p 00000000 00:00 0 
7f2b7c000000-7f2b7ce33000 rw-p 00000000 00:00 0 
7f2b7ce33000-7f2b80000000 ---p 00000000 00:00 0 
7f2b80000000-7f2b80021000 rw-p 00000000 00:00 0 
7f2b80021000-7f2b84000000 ---p 00000000 00:00 0 
7f2b84000000-7f2b84021000 rw-p 00000000 00:00 0 
7f2b84021000-7f2b88000000 ---p 00000000 00:00 0 
7f2b88000000-7f2b89a89000 rw-p 00000000 00:00 0 
7f2b89a89000-7f2b8c000000 ---p 00000000 00:00 0 
7f2b8c000000-7f2b8c021000 rw-p 00000000 00:00 0 
7f2b8c021000-7f2b90000000 ---p 00000000 00:00 0 
7f2b90000000-7f2b90021000 rw-p 00000000 00:00 0 
7f2b90021000-7f2b94000000 ---p 00000000 00:00 0 
7f2b94000000-7f2b94021000 rw-p 00000000 00:00 0 
7f2b94021000-7f2b98000000 ---p 00000000 00:00 0 
7f2b98000000-7f2b98021000 rw-p 00000000 00:00 0 
7f2b98021000-7f2b9c000000 ---p 00000000 00:00 0 
7f2b9c000000-7f2b9c021000 rw-p 00000000 00:00 0 
7f2b9c021000-7f2ba0000000 ---p 00000000 00:00 0 
7f2ba001f000-7f2ba0023000 ---p 00000000 00:00 0 
7f2ba0023000-7f2ba011f000 rw-p 00000000 00:00 0 
7f2ba011f000-7f2ba0123000 ---p 00000000 00:00 0 
7f2ba0123000-7f2ba021f000 rw-p 00000000 00:00 0 
7f2ba021f000-7f2ba0220000 ---p 00000000 00:00 0 
7f2ba0220000-7f2ba0320000 rw-p 00000000 00:00 0 
7f2ba0320000-7f2ba0324000 ---p 00000000 00:00 0 
7f2ba0324000-7f2ba0420000 rw-p 00000000 00:00 0 
7f2ba0420000-7f2ba0424000 ---p 00000000 00:00 0 
7f2ba0424000-7f2ba0520000 rw-p 00000000 00:00 0 
7f2ba0520000-7f2ba0524000 ---p 00000000 00:00 0 
7f2ba0524000-7f2ba0620000 rw-p 00000000 00:00 0 
7f2ba0620000-7f2ba0621000 ---p 00000000 00:00 0 
7f2ba0621000-7f2ba0721000 rw-p 00000000 00:00 0 
7f2ba0721000-7f2ba0722000 ---p 00000000 00:00 0 
7f2ba0722000-7f2ba0822000 rw-p 00000000 00:00 0 
7f2ba0822000-7f2ba0823000 ---p 00000000 00:00 0 
7f2ba0823000-7f2ba0923000 rw-p 00000000 00:00 0 
7f2ba0923000-7f2ba0924000 ---p 00000000 00:00 0 
7f2ba0924000-7f2ba0a24000 rw-p 00000000 00:00 0 
7f2ba0a24000-7f2ba0a25000 ---p 00000000 00:00 0 
7f2ba0a25000-7f2ba0b25000 rw-p 00000000 00:00 0 
7f2ba0b25000-7f2ba0b26000 ---p 00000000 00:00 0 
7f2ba0b26000-7f2ba0c26000 rw-p 00000000 00:00 0 
7f2ba0c26000-7f2ba0c4a000 r--p 00000000 103:02 13520729                  /usr/share/locale-langpack/pt_BR/LC_MESSAGES/libc.mo
7f2ba0c4a000-7f2ba0c4e000 ---p 00000000 00:00 0 
7f2ba0c4e000-7f2ba0d4a000 rw-p 00000000 00:00 0 
7f2ba0d4a000-7f2ba0d4b000 ---p 00000000 00:00 0 
7f2ba0d4b000-7f2ba0e4b000 rw-p 00000000 00:00 0 
7f2ba0e4b000-7f2ba0e4f000 ---p 00000000 00:00 0 
7f2ba0e4f000-7f2ba0f4b000 rw-p 00000000 00:00 0 
7f2ba0f4b000-7f2ba0f4f000 r--p 00000000 103:02 13663354                  /home/kyw3010/.vscode/extensions/redhat.java-1.34.0-linux-x64/jre/17.0.12-linux-x86_64/lib/libverify.so
7f2ba0f4f000-7f2ba0f56000 r-xp 00004000 103:02 13663354                  /home/kyw3010/.vscode/extensions/redhat.java-1.34.0-linux-x64/jre/17.0.12-linux-x86_64/lib/libverify.so
7f2ba0f56000-7f2ba0f58000 r--p 0000b000 103:02 13663354                  /home/kyw3010/.vscode/extensions/redhat.java-1.34.0-linux-x64/jre/17.0.12-linux-x86_64/lib/libverify.so
7f2ba0f58000-7f2ba0f5a000 r--p 0000c000 103:02 13663354                  /home/kyw3010/.vscode/extensions/redhat.java-1.34.0-linux-x64/jre/17.0.12-linux-x86_64/lib/libverify.so
7f2ba0f5a000-7f2ba0f5b000 rw-p 0000e000 103:02 13663354                  /home/kyw3010/.vscode/extensions/redhat.java-1.34.0-linux-x64/jre/17.0.12-linux-x86_64/lib/libverify.so
7f2ba0f5b000-7f2ba0f5f000 r--p 00000000 103:02 13663361                  /home/kyw3010/.vscode/extensions/redhat.java-1.34.0-linux-x64/jre/17.0.12-linux-x86_64/lib/libnet.so
7f2ba0f5f000-7f2ba0f6d000 r-xp 00004000 103:02 13663361                  /home/kyw3010/.vscode/extensions/redhat.java-1.34.0-linux-x64/jre/17.0.12-linux-x86_64/lib/libnet.so
7f2ba0f6d000-7f2ba0f71000 r--p 00012000 103:02 13663361                  /home/kyw3010/.vscode/extensions/redhat.java-1.34.0-linux-x64/jre/17.0.12-linux-x86_64/lib/libnet.so
7f2ba0f71000-7f2ba0f72000 r--p 00015000 103:02 13663361                  /home/kyw3010/.vscode/extensions/redhat.java-1.34.0-linux-x64/jre/17.0.12-linux-x86_64/lib/libnet.so
7f2ba0f72000-7f2ba0f73000 rw-p 00016000 103:02 13663361                  /home/kyw3010/.vscode/extensions/redhat.java-1.34.0-linux-x64/jre/17.0.12-linux-x86_64/lib/libnet.so
7f2ba0f73000-7f2ba0f7a000 r--p 00000000 103:02 13663360                  /home/kyw3010/.vscode/extensions/redhat.java-1.34.0-linux-x64/jre/17.0.12-linux-x86_64/lib/libnio.so
7f2ba0f7a000-7f2ba0f83000 r-xp 00007000 103:02 13663360                  /home/kyw3010/.vscode/extensions/redhat.java-1.34.0-linux-x64/jre/17.0.12-linux-x86_64/lib/libnio.so
7f2ba0f83000-7f2ba0f87000 r--p 00010000 103:02 13663360                  /home/kyw3010/.vscode/extensions/redhat.java-1.34.0-linux-x64/jre/17.0.12-linux-x86_64/lib/libnio.so
7f2ba0f87000-7f2ba0f88000 ---p 00014000 103:02 13663360                  /home/kyw3010/.vscode/extensions/redhat.java-1.34.0-linux-x64/jre/17.0.12-linux-x86_64/lib/libnio.so
7f2ba0f88000-7f2ba0f89000 r--p 00014000 103:02 13663360                  /home/kyw3010/.vscode/extensions/redhat.java-1.34.0-linux-x64/jre/17.0.12-linux-x86_64/lib/libnio.so
7f2ba0f89000-7f2ba0f8a000 rw-p 00015000 103:02 13663360                  /home/kyw3010/.vscode/extensions/redhat.java-1.34.0-linux-x64/jre/17.0.12-linux-x86_64/lib/libnio.so
7f2ba0f8a000-7f2ba0f8e000 ---p 00000000 00:00 0 
7f2ba0f8e000-7f2ba108a000 rw-p 00000000 00:00 0 
7f2ba108a000-7f2ba108e000 ---p 00000000 00:00 0 
7f2ba108e000-7f2ba118a000 rw-p 00000000 00:00 0 
7f2ba118a000-7f2ba118e000 ---p 00000000 00:00 0 
7f2ba118e000-7f2ba128a000 rw-p 00000000 00:00 0 
7f2ba128a000-7f2ba128e000 ---p 00000000 00:00 0 
7f2ba128e000-7f2ba138a000 rw-p 00000000 00:00 0 
7f2ba138a000-7f2ba138e000 ---p 00000000 00:00 0 
7f2ba138e000-7f2ba148a000 rw-p 00000000 00:00 0 
7f2ba148a000-7f2ba148e000 ---p 00000000 00:00 0 
7f2ba148e000-7f2ba158a000 rw-p 00000000 00:00 0 
7f2ba158a000-7f2ba158e000 ---p 00000000 00:00 0 
7f2ba158e000-7f2ba168a000 rw-p 00000000 00:00 0 
7f2ba168a000-7f2ba168e000 ---p 00000000 00:00 0 
7f2ba168e000-7f2ba178a000 rw-p 00000000 00:00 0 
7f2ba178a000-7f2ba1cff000 r--p 00000000 103:02 11675314                  /usr/lib/locale/locale-archive
7f2ba1cff000-7f2ba1d03000 ---p 00000000 00:00 0 
7f2ba1d03000-7f2ba1dff000 rw-p 00000000 00:00 0 
7f2ba1dff000-7f2ba1e03000 ---p 00000000 00:00 0 
7f2ba1e03000-7f2ba1eff000 rw-p 00000000 00:00 0 
7f2ba1eff000-7f2ba1f00000 ---p 00000000 00:00 0 
7f2ba1f00000-7f2ba2400000 rw-p 00000000 00:00 0 
7f2ba2400000-7f2ba2460000 rw-p 00000000 00:00 0 
7f2ba2460000-7f2ba2480000 rw-p 00000000 00:00 0 
7f2ba2480000-7f2ba2500000 rw-p 00000000 00:00 0 
7f2ba2500000-7f2ba2700000 rw-p 00000000 00:00 0 
7f2ba2700000-7f2ba2720000 rw-p 00000000 00:00 0 
7f2ba2720000-7f2ba2740000 rw-p 00000000 00:00 0 
7f2ba2740000-7f2ba2780000 rw-p 00000000 00:00 0 
7f2ba2780000-7f2ba2900000 rw-p 00000000 00:00 0 
7f2ba2900000-7f2ba2a00000 rw-p 00000000 00:00 0 
7f2ba2a00000-7f2ba2b00000 rw-p 00000000 00:00 0 
7f2ba2b00000-7f2ba2c00000 rw-p 00000000 00:00 0 
7f2ba2c00000-7f2ba2d80000 rw-p 00000000 00:00 0 
7f2ba2d80000-7f2ba2f00000 rw-p 00000000 00:00 0 
7f2ba2f00000-7f2ba3000000 rw-p 00000000 00:00 0 
7f2ba3000000-7f2ba3100000 rw-p 00000000 00:00 0 
7f2ba3100000-7f2ba3200000 rw-p 00000000 00:00 0 
7f2ba3200000-7f2ba3700000 rw-p 00000000 00:00 0 
7f2ba3700000-7f2ba3800000 rw-p 00000000 00:00 0 
7f2ba3800000-7f2ba3f00000 rw-p 00000000 00:00 0 
7f2ba3f00000-7f2ba4000000 rw-p 00000000 00:00 0 
7f2ba4000000-7f2ba4300000 rw-p 00000000 00:00 0 
7f2ba4300000-7f2ba4400000 rw-p 00000000 00:00 0 
7f2ba4400000-7f2ba4ce0000 rw-p 00000000 00:00 0 
7f2ba4ce0000-7f2ba4d00000 rw-p 00000000 00:00 0 
7f2ba4d00000-7f2ba4f00000 rw-p 00000000 00:00 0 
7f2ba4f00000-7f2ba50c0000 rw-p 00000000 00:00 0 
7f2ba50c0000-7f2ba5100000 rw-p 00000000 00:00 0 
7f2ba5100000-7f2ba53e0000 rw-p 00000000 00:00 0 
7f2ba53e0000-7f2ba5400000 ---p 00000000 00:00 0 
7f2ba5400000-7f2ba56b0000 rw-p 00000000 00:00 0 
7f2ba56b0000-7f2ba6000000 ---p 00000000 00:00 0 
7f2ba6000000-7f2ba8000000 rw-p 00000000 00:00 0 
7f2ba8000000-7f2ba8021000 rw-p 00000000 00:00 0 
7f2ba8021000-7f2bac000000 ---p 00000000 00:00 0 
7f2bac003000-7f2bac004000 r--p 00000000 103:02 13663381                  /home/kyw3010/.vscode/extensions/redhat.java-1.34.0-linux-x64/jre/17.0.12-linux-x86_64/lib/libextnet.so
7f2bac004000-7f2bac005000 r-xp 00001000 103:02 13663381                  /home/kyw3010/.vscode/extensions/redhat.java-1.34.0-linux-x64/jre/17.0.12-linux-x86_64/lib/libextnet.so
7f2bac005000-7f2bac006000 r--p 00002000 103:02 13663381                  /home/kyw3010/.vscode/extensions/redhat.java-1.34.0-linux-x64/jre/17.0.12-linux-x86_64/lib/libextnet.so
7f2bac006000-7f2bac007000 r--p 00002000 103:02 13663381                  /home/kyw3010/.vscode/extensions/redhat.java-1.34.0-linux-x64/jre/17.0.12-linux-x86_64/lib/libextnet.so
7f2bac007000-7f2bac008000 rw-p 00003000 103:02 13663381                  /home/kyw3010/.vscode/extensions/redhat.java-1.34.0-linux-x64/jre/17.0.12-linux-x86_64/lib/libextnet.so
7f2bac008000-7f2baddc6000 rw-p 00000000 00:00 0 
7f2baddc6000-7f2badefa000 ---p 00000000 00:00 0 
7f2badefa000-7f2badefb000 ---p 00000000 00:00 0 
7f2badefb000-7f2bae01d000 rw-p 00000000 00:00 0 
7f2bae01d000-7f2bae150000 ---p 00000000 00:00 0 
7f2bae150000-7f2bae15f000 rw-p 00000000 00:00 0 
7f2bae15f000-7f2bae1fb000 ---p 00000000 00:00 0 
7f2bae1fb000-7f2bae203000 rw-p 00000000 00:00 0 
7f2bae203000-7f2bae2e7000 ---p 00000000 00:00 0 
7f2bae2e7000-7f2bae2fe000 rw-p 00000000 00:00 0 
7f2bae2fe000-7f2bae3d2000 ---p 00000000 00:00 0 
7f2bae3d2000-7f2baef22000 rwxp 00000000 00:00 0 
7f2baef22000-7f2bb5909000 ---p 00000000 00:00 0 
7f2bb5909000-7f2bb5b79000 rwxp 00000000 00:00 0 
7f2bb5b79000-7f2bb5e9b000 ---p 00000000 00:00 0 
7f2bb5e9b000-7f2bb621b000 rwxp 00000000 00:00 0 
7f2bb621b000-7f2bbd3d2000 ---p 00000000 00:00 0 
7f2bbd3d2000-7f2bc0000000 r--s 00000000 103:02 13663352                  /home/kyw3010/.vscode/extensions/redhat.java-1.34.0-linux-x64/jre/17.0.12-linux-x86_64/lib/modules
7f2bc0000000-7f2bc0787000 rw-p 00000000 00:00 0 
7f2bc0787000-7f2bc4000000 ---p 00000000 00:00 0 
7f2bc4000000-7f2bc4001000 r--p 00000000 103:02 11676711                  /usr/lib/x86_64-linux-gnu/libnss_mdns4_minimal.so.2
7f2bc4001000-7f2bc4003000 r-xp 00001000 103:02 11676711                  /usr/lib/x86_64-linux-gnu/libnss_mdns4_minimal.so.2
7f2bc4003000-7f2bc4004000 r--p 00003000 103:02 11676711                  /usr/lib/x86_64-linux-gnu/libnss_mdns4_minimal.so.2
7f2bc4004000-7f2bc4005000 r--p 00003000 103:02 11676711                  /usr/lib/x86_64-linux-gnu/libnss_mdns4_minimal.so.2
7f2bc4005000-7f2bc4006000 rw-p 00004000 103:02 11676711                  /usr/lib/x86_64-linux-gnu/libnss_mdns4_minimal.so.2
7f2bc4006000-7f2bc400d000 r--s 00000000 103:02 11798047                  /usr/lib/x86_64-linux-gnu/gconv/gconv-modules.cache
7f2bc400d000-7f2bc400f000 r--p 00000000 103:02 13663353                  /home/kyw3010/.vscode/extensions/redhat.java-1.34.0-linux-x64/jre/17.0.12-linux-x86_64/lib/libzip.so
7f2bc400f000-7f2bc4021000 r-xp 00002000 103:02 13663353                  /home/kyw3010/.vscode/extensions/redhat.java-1.34.0-linux-x64/jre/17.0.12-linux-x86_64/lib/libzip.so
7f2bc4021000-7f2bc4029000 r--p 00014000 103:02 13663353                  /home/kyw3010/.vscode/extensions/redhat.java-1.34.0-linux-x64/jre/17.0.12-linux-x86_64/lib/libzip.so
7f2bc4029000-7f2bc402a000 r--p 0001b000 103:02 13663353                  /home/kyw3010/.vscode/extensions/redhat.java-1.34.0-linux-x64/jre/17.0.12-linux-x86_64/lib/libzip.so
7f2bc402a000-7f2bc402b000 rw-p 0001c000 103:02 13663353                  /home/kyw3010/.vscode/extensions/redhat.java-1.34.0-linux-x64/jre/17.0.12-linux-x86_64/lib/libzip.so
7f2bc402b000-7f2bc40e0000 rw-p 00000000 00:00 0 
7f2bc40e0000-7f2bc40e7000 ---p 00000000 00:00 0 
7f2bc40e7000-7f2bc40ef000 rw-s 00000000 103:02 10092547                  /tmp/hsperfdata_kyw3010/5766
7f2bc40ef000-7f2bc40fd000 r--p 00000000 103:02 13663374                  /home/kyw3010/.vscode/extensions/redhat.java-1.34.0-linux-x64/jre/17.0.12-linux-x86_64/lib/libjava.so
7f2bc40fd000-7f2bc410f000 r-xp 0000e000 103:02 13663374                  /home/kyw3010/.vscode/extensions/redhat.java-1.34.0-linux-x64/jre/17.0.12-linux-x86_64/lib/libjava.so
7f2bc410f000-7f2bc4115000 r--p 00020000 103:02 13663374                  /home/kyw3010/.vscode/extensions/redhat.java-1.34.0-linux-x64/jre/17.0.12-linux-x86_64/lib/libjava.so
7f2bc4115000-7f2bc4116000 ---p 00026000 103:02 13663374                  /home/kyw3010/.vscode/extensions/redhat.java-1.34.0-linux-x64/jre/17.0.12-linux-x86_64/lib/libjava.so
7f2bc4116000-7f2bc4117000 r--p 00026000 103:02 13663374                  /home/kyw3010/.vscode/extensions/redhat.java-1.34.0-linux-x64/jre/17.0.12-linux-x86_64/lib/libjava.so
7f2bc4117000-7f2bc4118000 rw-p 00027000 103:02 13663374                  /home/kyw3010/.vscode/extensions/redhat.java-1.34.0-linux-x64/jre/17.0.12-linux-x86_64/lib/libjava.so
7f2bc4118000-7f2bc4119000 rw-p 00000000 00:00 0 
7f2bc4119000-7f2bc411d000 r--p 00000000 103:02 13663370                  /home/kyw3010/.vscode/extensions/redhat.java-1.34.0-linux-x64/jre/17.0.12-linux-x86_64/lib/libjimage.so
7f2bc411d000-7f2bc4130000 r-xp 00004000 103:02 13663370                  /home/kyw3010/.vscode/extensions/redhat.java-1.34.0-linux-x64/jre/17.0.12-linux-x86_64/lib/libjimage.so
7f2bc4130000-7f2bc4136000 r--p 00017000 103:02 13663370                  /home/kyw3010/.vscode/extensions/redhat.java-1.34.0-linux-x64/jre/17.0.12-linux-x86_64/lib/libjimage.so
7f2bc4136000-7f2bc4138000 r--p 0001c000 103:02 13663370                  /home/kyw3010/.vscode/extensions/redhat.java-1.34.0-linux-x64/jre/17.0.12-linux-x86_64/lib/libjimage.so
7f2bc4138000-7f2bc4139000 rw-p 0001e000 103:02 13663370                  /home/kyw3010/.vscode/extensions/redhat.java-1.34.0-linux-x64/jre/17.0.12-linux-x86_64/lib/libjimage.so
7f2bc4139000-7f2bc413d000 ---p 00000000 00:00 0 
7f2bc413d000-7f2bc4239000 rw-p 00000000 00:00 0 
7f2bc4239000-7f2bc4247000 r--p 00000000 103:02 11667140                  /usr/lib/x86_64-linux-gnu/libm.so.6
7f2bc4247000-7f2bc42c3000 r-xp 0000e000 103:02 11667140                  /usr/lib/x86_64-linux-gnu/libm.so.6
7f2bc42c3000-7f2bc431e000 r--p 0008a000 103:02 11667140                  /usr/lib/x86_64-linux-gnu/libm.so.6
7f2bc431e000-7f2bc431f000 r--p 000e4000 103:02 11667140                  /usr/lib/x86_64-linux-gnu/libm.so.6
7f2bc431f000-7f2bc4320000 rw-p 000e5000 103:02 11667140                  /usr/lib/x86_64-linux-gnu/libm.so.6
7f2bc4320000-7f2bc4321000 r--p 00000000 103:02 11667174                  /usr/lib/x86_64-linux-gnu/librt.so.1
7f2bc4321000-7f2bc4322000 r-xp 00001000 103:02 11667174                  /usr/lib/x86_64-linux-gnu/librt.so.1
7f2bc4322000-7f2bc4323000 r--p 00002000 103:02 11667174                  /usr/lib/x86_64-linux-gnu/librt.so.1
7f2bc4323000-7f2bc4324000 r--p 00002000 103:02 11667174                  /usr/lib/x86_64-linux-gnu/librt.so.1
7f2bc4324000-7f2bc4325000 rw-p 00003000 103:02 11667174                  /usr/lib/x86_64-linux-gnu/librt.so.1
7f2bc4325000-7f2bc4578000 r--p 00000000 103:02 13663463                  /home/kyw3010/.vscode/extensions/redhat.java-1.34.0-linux-x64/jre/17.0.12-linux-x86_64/lib/server/libjvm.so
7f2bc4578000-7f2bc52a0000 r-xp 00253000 103:02 13663463                  /home/kyw3010/.vscode/extensions/redhat.java-1.34.0-linux-x64/jre/17.0.12-linux-x86_64/lib/server/libjvm.so
7f2bc52a0000-7f2bc552d000 r--p 00f7b000 103:02 13663463                  /home/kyw3010/.vscode/extensions/redhat.java-1.34.0-linux-x64/jre/17.0.12-linux-x86_64/lib/server/libjvm.so
7f2bc552d000-7f2bc55e6000 r--p 01207000 103:02 13663463                  /home/kyw3010/.vscode/extensions/redhat.java-1.34.0-linux-x64/jre/17.0.12-linux-x86_64/lib/server/libjvm.so
7f2bc55e6000-7f2bc561b000 rw-p 012c0000 103:02 13663463                  /home/kyw3010/.vscode/extensions/redhat.java-1.34.0-linux-x64/jre/17.0.12-linux-x86_64/lib/server/libjvm.so
7f2bc561b000-7f2bc5677000 rw-p 00000000 00:00 0 
7f2bc5677000-7f2bc569f000 r--p 00000000 103:02 11667134                  /usr/lib/x86_64-linux-gnu/libc.so.6
7f2bc569f000-7f2bc5834000 r-xp 00028000 103:02 11667134                  /usr/lib/x86_64-linux-gnu/libc.so.6
7f2bc5834000-7f2bc588c000 r--p 001bd000 103:02 11667134                  /usr/lib/x86_64-linux-gnu/libc.so.6
7f2bc588c000-7f2bc588d000 ---p 00215000 103:02 11667134                  /usr/lib/x86_64-linux-gnu/libc.so.6
7f2bc588d000-7f2bc5891000 r--p 00215000 103:02 11667134                  /usr/lib/x86_64-linux-gnu/libc.so.6
7f2bc5891000-7f2bc5893000 rw-p 00219000 103:02 11667134                  /usr/lib/x86_64-linux-gnu/libc.so.6
7f2bc5893000-7f2bc58a0000 rw-p 00000000 00:00 0 
7f2bc58a0000-7f2bc58a1000 r--p 00000000 103:02 11667139                  /usr/lib/x86_64-linux-gnu/libdl.so.2
7f2bc58a1000-7f2bc58a2000 r-xp 00001000 103:02 11667139                  /usr/lib/x86_64-linux-gnu/libdl.so.2
7f2bc58a2000-7f2bc58a3000 r--p 00002000 103:02 11667139                  /usr/lib/x86_64-linux-gnu/libdl.so.2
7f2bc58a3000-7f2bc58a4000 r--p 00002000 103:02 11667139                  /usr/lib/x86_64-linux-gnu/libdl.so.2
7f2bc58a4000-7f2bc58a5000 rw-p 00003000 103:02 11667139                  /usr/lib/x86_64-linux-gnu/libdl.so.2
7f2bc58a5000-7f2bc58a6000 r--p 00000000 103:02 11667171                  /usr/lib/x86_64-linux-gnu/libpthread.so.0
7f2bc58a6000-7f2bc58a7000 r-xp 00001000 103:02 11667171                  /usr/lib/x86_64-linux-gnu/libpthread.so.0
7f2bc58a7000-7f2bc58a8000 r--p 00002000 103:02 11667171                  /usr/lib/x86_64-linux-gnu/libpthread.so.0
7f2bc58a8000-7f2bc58a9000 r--p 00002000 103:02 11667171                  /usr/lib/x86_64-linux-gnu/libpthread.so.0
7f2bc58a9000-7f2bc58aa000 rw-p 00003000 103:02 11667171                  /usr/lib/x86_64-linux-gnu/libpthread.so.0
7f2bc58ad000-7f2bc58af000 r--p 00000000 103:02 13663379                  /home/kyw3010/.vscode/extensions/redhat.java-1.34.0-linux-x64/jre/17.0.12-linux-x86_64/lib/libinstrument.so
7f2bc58af000-7f2bc58b5000 r-xp 00002000 103:02 13663379                  /home/kyw3010/.vscode/extensions/redhat.java-1.34.0-linux-x64/jre/17.0.12-linux-x86_64/lib/libinstrument.so
7f2bc58b5000-7f2bc58b8000 r--p 00008000 103:02 13663379                  /home/kyw3010/.vscode/extensions/redhat.java-1.34.0-linux-x64/jre/17.0.12-linux-x86_64/lib/libinstrument.so
7f2bc58b8000-7f2bc58b9000 r--p 0000a000 103:02 13663379                  /home/kyw3010/.vscode/extensions/redhat.java-1.34.0-linux-x64/jre/17.0.12-linux-x86_64/lib/libinstrument.so
7f2bc58b9000-7f2bc58ba000 rw-p 0000b000 103:02 13663379                  /home/kyw3010/.vscode/extensions/redhat.java-1.34.0-linux-x64/jre/17.0.12-linux-x86_64/lib/libinstrument.so
7f2bc58ba000-7f2bc58bb000 ---p 00000000 00:00 0 
7f2bc58bb000-7f2bc58bc000 r--p 00000000 00:00 0 
7f2bc58bc000-7f2bc58bf000 r--p 00000000 103:02 13663369                  /home/kyw3010/.vscode/extensions/redhat.java-1.34.0-linux-x64/jre/17.0.12-linux-x86_64/lib/libjli.so
7f2bc58bf000-7f2bc58cf000 r-xp 00003000 103:02 13663369                  /home/kyw3010/.vscode/extensions/redhat.java-1.34.0-linux-x64/jre/17.0.12-linux-x86_64/lib/libjli.so
7f2bc58cf000-7f2bc58d6000 r--p 00013000 103:02 13663369                  /home/kyw3010/.vscode/extensions/redhat.java-1.34.0-linux-x64/jre/17.0.12-linux-x86_64/lib/libjli.so
7f2bc58d6000-7f2bc58d7000 r--p 00019000 103:02 13663369                  /home/kyw3010/.vscode/extensions/redhat.java-1.34.0-linux-x64/jre/17.0.12-linux-x86_64/lib/libjli.so
7f2bc58d7000-7f2bc58d8000 rw-p 0001a000 103:02 13663369                  /home/kyw3010/.vscode/extensions/redhat.java-1.34.0-linux-x64/jre/17.0.12-linux-x86_64/lib/libjli.so
7f2bc58d8000-7f2bc58da000 rw-p 00000000 00:00 0 
7f2bc58da000-7f2bc58dc000 r--p 00000000 103:02 11666942                  /usr/lib/x86_64-linux-gnu/ld-linux-x86-64.so.2
7f2bc58dc000-7f2bc5906000 r-xp 00002000 103:02 11666942                  /usr/lib/x86_64-linux-gnu/ld-linux-x86-64.so.2
7f2bc5906000-7f2bc5911000 r--p 0002c000 103:02 11666942                  /usr/lib/x86_64-linux-gnu/ld-linux-x86-64.so.2
7f2bc5911000-7f2bc5912000 ---p 00000000 00:00 0 
7f2bc5912000-7f2bc5914000 r--p 00037000 103:02 11666942                  /usr/lib/x86_64-linux-gnu/ld-linux-x86-64.so.2
7f2bc5914000-7f2bc5916000 rw-p 00039000 103:02 11666942                  /usr/lib/x86_64-linux-gnu/ld-linux-x86-64.so.2
7ffd38fff000-7ffd39021000 rw-p 00000000 00:00 0                          [stack]
7ffd3916a000-7ffd3916e000 r--p 00000000 00:00 0                          [vvar]
7ffd3916e000-7ffd39170000 r-xp 00000000 00:00 0                          [vdso]
ffffffffff600000-ffffffffff601000 --xp 00000000 00:00 0                  [vsyscall]


VM Arguments:
jvm_args: --add-modules=ALL-SYSTEM --add-opens=java.base/java.util=ALL-UNNAMED --add-opens=java.base/java.lang=ALL-UNNAMED --add-opens=java.base/sun.nio.fs=ALL-UNNAMED -Declipse.application=org.eclipse.jdt.ls.core.id1 -Dosgi.bundles.defaultStartLevel=4 -Declipse.product=org.eclipse.jdt.ls.core.product -Djava.import.generatesMetadataFilesAtProjectRoot=false -DDetectVMInstallationsJob.disabled=true -Dfile.encoding=utf8 -XX:+UseParallelGC -XX:GCTimeRatio=4 -XX:AdaptiveSizePolicyWeight=90 -Dsun.zip.disableMemoryMapping=true -Xmx1G -Xms100m -Xlog:disable -javaagent:/home/kyw3010/.vscode/extensions/redhat.java-1.34.0-linux-x64/lombok/lombok-1.18.33.jar -XX:+HeapDumpOnOutOfMemoryError -XX:HeapDumpPath=/home/kyw3010/.config/Code/User/workspaceStorage/f51ebf163c24a4959e1b6a0804772a58/redhat.java -Daether.dependencyCollector.impl=bf 
java_command: /home/kyw3010/.vscode/extensions/redhat.java-1.34.0-linux-x64/server/plugins/org.eclipse.equinox.launcher_1.6.900.v20240613-2009.jar -configuration /home/kyw3010/.config/Code/User/globalStorage/redhat.java/1.34.0/config_linux -data /home/kyw3010/.config/Code/User/workspaceStorage/f51ebf163c24a4959e1b6a0804772a58/redhat.java/jdt_ws --pipe=/run/user/1000/lsp-9a2b38a10b6bdb0fcf188c1457f31ab2.sock
java_class_path (initial): /home/kyw3010/.vscode/extensions/redhat.java-1.34.0-linux-x64/server/plugins/org.eclipse.equinox.launcher_1.6.900.v20240613-2009.jar
Launcher Type: SUN_STANDARD

[Global flags]
    uintx AdaptiveSizePolicyWeight                 = 90                                        {product} {command line}
     intx CICompilerCount                          = 4                                         {product} {ergonomic}
    uintx GCTimeRatio                              = 4                                         {product} {command line}
     bool HeapDumpOnOutOfMemoryError               = true                                   {manageable} {command line}
    ccstr HeapDumpPath                             = /home/kyw3010/.config/Code/User/workspaceStorage/f51ebf163c24a4959e1b6a0804772a58/redhat.java         {manageable} {command line}
   size_t InitialHeapSize                          = 104857600                                 {product} {command line}
   size_t MaxHeapSize                              = 1073741824                                {product} {command line}
   size_t MaxNewSize                               = 357564416                                 {product} {ergonomic}
   size_t MinHeapDeltaBytes                        = 524288                                    {product} {ergonomic}
   size_t MinHeapSize                              = 104857600                                 {product} {command line}
   size_t NewSize                                  = 34603008                                  {product} {ergonomic}
    uintx NonNMethodCodeHeapSize                   = 5839372                                {pd product} {ergonomic}
    uintx NonProfiledCodeHeapSize                  = 122909434                              {pd product} {ergonomic}
   size_t OldSize                                  = 70254592                                  {product} {ergonomic}
    uintx ProfiledCodeHeapSize                     = 122909434                              {pd product} {ergonomic}
    uintx ReservedCodeCacheSize                    = 251658240                              {pd product} {ergonomic}
     bool SegmentedCodeCache                       = true                                      {product} {ergonomic}
   size_t SoftMaxHeapSize                          = 1073741824                             {manageable} {ergonomic}
     bool UseCompressedClassPointers               = true                           {product lp64_product} {ergonomic}
     bool UseCompressedOops                        = true                           {product lp64_product} {ergonomic}
     bool UseParallelGC                            = true                                      {product} {command line}

Logging:
Log output configuration:
 #0: stdout all=off uptime,level,tags
 #1: stderr all=off uptime,level,tags

Environment Variables:
JAVA_HOME=/home/kyw3010/.sdkman/candidates/java/current
PATH=/home/kyw3010/.console-ninja/.bin:/home/kyw3010/.sdkman/candidates/java/current/bin:/usr/local/sbin:/usr/local/bin:/usr/sbin:/usr/bin:/sbin:/bin:/usr/games:/usr/local/games:/snap/bin:/home/kyw3010/.dotnet/tools
SHELL=/bin/bash
DISPLAY=:0
LANG=pt_BR.UTF-8

Active Locale:
LC_ALL=pt_BR.UTF-8
LC_COLLATE=pt_BR.UTF-8
LC_CTYPE=pt_BR.UTF-8
LC_MESSAGES=pt_BR.UTF-8
LC_MONETARY=pt_BR.UTF-8
LC_NUMERIC=pt_BR.UTF-8
LC_TIME=pt_BR.UTF-8

Signal Handlers:
   SIGSEGV: crash_handler in libjvm.so, mask=11100100010111111101111111111110, flags=SA_RESTART|SA_SIGINFO, unblocked
    SIGBUS: crash_handler in libjvm.so, mask=11100100010111111101111111111110, flags=SA_RESTART|SA_SIGINFO, unblocked
    SIGFPE: crash_handler in libjvm.so, mask=11100100010111111101111111111110, flags=SA_RESTART|SA_SIGINFO, unblocked
   SIGPIPE: javaSignalHandler in libjvm.so, mask=11100100010111111101111111111110, flags=SA_RESTART|SA_SIGINFO, blocked
   SIGXFSZ: javaSignalHandler in libjvm.so, mask=11100100010111111101111111111110, flags=SA_RESTART|SA_SIGINFO, blocked
    SIGILL: crash_handler in libjvm.so, mask=11100100010111111101111111111110, flags=SA_RESTART|SA_SIGINFO, unblocked
   SIGUSR2: SR_handler in libjvm.so, mask=00000000000000000000000000000000, flags=SA_RESTART|SA_SIGINFO, blocked
    SIGHUP: UserHandler in libjvm.so, mask=11100100010111111101111111111110, flags=SA_RESTART|SA_SIGINFO, blocked
    SIGINT: UserHandler in libjvm.so, mask=11100100010111111101111111111110, flags=SA_RESTART|SA_SIGINFO, blocked
   SIGTERM: UserHandler in libjvm.so, mask=11100100010111111101111111111110, flags=SA_RESTART|SA_SIGINFO, blocked
   SIGQUIT: UserHandler in libjvm.so, mask=11100100010111111101111111111110, flags=SA_RESTART|SA_SIGINFO, blocked
   SIGTRAP: crash_handler in libjvm.so, mask=11100100010111111101111111111110, flags=SA_RESTART|SA_SIGINFO, unblocked


Periodic native trim disabled


---------------  S Y S T E M  ---------------

OS:
DISTRIB_ID=LinuxMint
DISTRIB_RELEASE=21.2
DISTRIB_CODENAME=victoria
DISTRIB_DESCRIPTION="Linux Mint 21.2 Victoria"
uname: Linux 5.15.0-119-generic #129-Ubuntu SMP Fri Aug 2 19:25:20 UTC 2024 x86_64
OS uptime: 0 days 2:20 hours
libc: glibc 2.35 NPTL 2.35 
rlimit (soft/hard): STACK 8192k/infinity , CORE 0k/infinity , NPROC 62330/62330 , NOFILE 1048576/1048576 , AS infinity/infinity , CPU infinity/infinity , DATA infinity/infinity , FSIZE infinity/infinity , MEMLOCK 2011156k/2011156k
load average: 1,82 0,68 0,90

/proc/meminfo:
MemTotal:       16089276 kB
MemFree:         8053844 kB
MemAvailable:   11529524 kB
Buffers:          193028 kB
Cached:          4200472 kB
SwapCached:            0 kB
Active:          1241776 kB
Inactive:        5666984 kB
Active(anon):       9940 kB
Inactive(anon):  3243508 kB
Active(file):    1231836 kB
Inactive(file):  2423476 kB
Unevictable:      605928 kB
Mlocked:              64 kB
SwapTotal:       2097148 kB
SwapFree:        2097148 kB
Dirty:             19088 kB
Writeback:             0 kB
AnonPages:       3121624 kB
Mapped:          1064920 kB
Shmem:            737928 kB
KReclaimable:     161116 kB
Slab:             275580 kB
SReclaimable:     161116 kB
SUnreclaim:       114464 kB
KernelStack:       16096 kB
PageTables:        40200 kB
NFS_Unstable:          0 kB
Bounce:                0 kB
WritebackTmp:          0 kB
CommitLimit:    10141784 kB
Committed_AS:   28525708 kB
VmallocTotal:   34359738367 kB
VmallocUsed:       67636 kB
VmallocChunk:          0 kB
Percpu:             6336 kB
HardwareCorrupted:     0 kB
AnonHugePages:         0 kB
ShmemHugePages:        0 kB
ShmemPmdMapped:        0 kB
FileHugePages:         0 kB
FilePmdMapped:         0 kB
HugePages_Total:       0
HugePages_Free:        0
HugePages_Rsvd:        0
HugePages_Surp:        0
Hugepagesize:       2048 kB
Hugetlb:               0 kB
DirectMap4k:      311024 kB
DirectMap2M:     6746112 kB
DirectMap1G:     9437184 kB

/sys/kernel/mm/transparent_hugepage/enabled: always [madvise] never
/sys/kernel/mm/transparent_hugepage/hpage_pmd_size: 2097152
/sys/kernel/mm/transparent_hugepage/defrag (defrag/compaction efforts parameter): always defer defer+madvise [madvise] never

Process Memory:
Virtual Size: 21155104K (peak: 21155104K)
Resident Set Size: 298748K (peak: 298748K) (anon: 265136K, file: 33612K, shmem: 0K)
Swapped out: 0K
C-Heap outstanding allocations: 15983117K, retained: 29878K
glibc malloc tunables: (default)

/proc/sys/kernel/threads-max (system-wide limit on the number of threads): 124661
/proc/sys/vm/max_map_count (maximum number of memory map areas a process may have): 65530
/proc/sys/vm/swappiness (control to define how aggressively the kernel swaps out anonymous memory): 60
/proc/sys/kernel/pid_max (system-wide limit on number of process identifiers): 4194304

container (cgroup) information:
container_type: cgroupv2
cpu_cpuset_cpus: not supported
cpu_memory_nodes: not supported
active_processor_count: 8
cpu_quota: not supported
cpu_period: not supported
cpu_shares: not supported
memory_limit_in_bytes: unlimited
memory_and_swap_limit_in_bytes: unlimited
memory_soft_limit_in_bytes: unlimited
memory_usage_in_bytes: 3090768 k
memory_max_usage_in_bytes: not supported
memory_swap_current_in_bytes: unlimited
memory_swap_max_limit_in_bytes: unlimited
maximum number of tasks: unlimited
current number of tasks: 501

Steal ticks since vm start: 0
Steal ticks percentage since vm start:  0,000

CPU: total 8 (initial active 8) (4 cores per cpu, 2 threads per core) family 6 model 140 stepping 1 microcode 0xb8, cx8, cmov, fxsr, ht, mmx, 3dnowpref, sse, sse2, sse3, ssse3, sse4.1, sse4.2, popcnt, lzcnt, tsc, tscinvbit, avx, avx2, aes, erms, clmul, bmi1, bmi2, adx, avx512f, avx512dq, avx512cd, avx512bw, avx512vl, sha, fma, vzeroupper, avx512_vpopcntdq, avx512_vpclmulqdq, avx512_vaes, avx512_vnni, clflush, clflushopt, clwb, avx512_vbmi2, avx512_vbmi
CPU Model and flags from /proc/cpuinfo:
model name	: 11th Gen Intel(R) Core(TM) i5-1135G7 @ 2.40GHz
flags		: fpu vme de pse tsc msr pae mce cx8 apic sep mtrr pge mca cmov pat pse36 clflush dts acpi mmx fxsr sse sse2 ss ht tm pbe syscall nx pdpe1gb rdtscp lm constant_tsc art arch_perfmon pebs bts rep_good nopl xtopology nonstop_tsc cpuid aperfmperf tsc_known_freq pni pclmulqdq dtes64 monitor ds_cpl vmx est tm2 ssse3 sdbg fma cx16 xtpr pdcm pcid sse4_1 sse4_2 x2apic movbe popcnt tsc_deadline_timer aes xsave avx f16c rdrand lahf_lm abm 3dnowprefetch cpuid_fault epb cat_l2 invpcid_single cdp_l2 ssbd ibrs ibpb stibp ibrs_enhanced tpr_shadow vnmi flexpriority ept vpid ept_ad fsgsbase tsc_adjust bmi1 avx2 smep bmi2 erms invpcid rdt_a avx512f avx512dq rdseed adx smap avx512ifma clflushopt clwb intel_pt avx512cd sha_ni avx512bw avx512vl xsaveopt xsavec xgetbv1 xsaves split_lock_detect dtherm ida arat pln pts hwp hwp_notify hwp_act_window hwp_epp hwp_pkg_req avx512vbmi umip pku ospke avx512_vbmi2 gfni vaes vpclmulqdq avx512_vnni avx512_bitalg avx512_vpopcntdq rdpid movdiri movdir64b fsrm avx512_vp2intersect md_clear flush_l1d arch_capabilities

Online cpus: 0-7
Offline cpus: 
BIOS frequency limitation: <Not Available>
Frequency switch latency (ns): 0
Available cpu frequencies: <Not Available>
Current governor: powersave
Core performance/turbo boost: <Not Available>

Memory: 4k page, physical 16089276k(8053844k free), swap 2097148k(2097148k free)
Page Sizes: 4k

vm_info: OpenJDK 64-Bit Server VM (17.0.12+7) for linux-amd64 JRE (17.0.12+7), built on Jul 16 2024 00:00:00 by "admin" with gcc 10.3.0

END.
